#
# There is insufficient memory for the Java Runtime Environment to continue.
# Native memory allocation (malloc) failed to allocate 32744 bytes for ChunkPool::allocate
# Possible reasons:
#   The system is out of physical RAM or swap space
#   In 32 bit mode, the process size limit was hit
# Possible solutions:
#   Reduce memory load on the system
#   Increase physical memory or swap space
#   Check if swap backing store is full
#   Use 64 bit Java on a 64 bit OS
#   Decrease Java heap size (-Xmx/-Xms)
#   Decrease number of Java threads
#   Decrease Java thread stack sizes (-Xss)
#   Set larger code cache with -XX:ReservedCodeCacheSize=
# This output file may be truncated or incomplete.
#
#  Out of Memory Error (allocation.cpp:273), pid=4428, tid=0x00000000000019bc
#
# JRE version: OpenJDK Runtime Environment (8.0_76-b03) (build 1.8.0_76-release-b03)
# Java VM: OpenJDK 64-Bit Server VM (25.76-b03 mixed mode windows-amd64 compressed oops)
# Failed to write core dump. Minidumps are not enabled by default on client versions of Windows
#

---------------  T H R E A D  ---------------

Current thread (0x000000001e35e000):  JavaThread "C2 CompilerThread1" daemon [_thread_in_native, id=6588, stack(0x000000001e520000,0x000000001e620000)]

Stack: [0x000000001e520000,0x000000001e620000]
[error occurred during error reporting (printing stack bounds), id 0xc0000005]

Native frames: (J=compiled Java code, j=interpreted, Vv=VM code, C=native code)


Current CompileTask:
C2:  12872 3656       4       org.objectweb.asm.ClassReader::a (3271 bytes)


---------------  P R O C E S S  ---------------

Java Threads: ( => current thread )
  0x000000001e32a000 JavaThread "Service Thread" daemon [_thread_blocked, id=6940, stack(0x000000001e720000,0x000000001e820000)]
  0x000000001e35f000 JavaThread "C1 CompilerThread2" daemon [_thread_blocked, id=6660, stack(0x000000001e620000,0x000000001e720000)]
=>0x000000001e35e000 JavaThread "C2 CompilerThread1" daemon [_thread_in_native, id=6588, stack(0x000000001e520000,0x000000001e620000)]
  0x000000001e1d2800 JavaThread "C2 CompilerThread0" daemon [_thread_in_native, id=6236, stack(0x000000001e420000,0x000000001e520000)]
  0x000000001c6e8800 JavaThread "JDWP Command Reader" daemon [_thread_in_native, id=6408, stack(0x000000001df20000,0x000000001e020000)]
  0x000000001c6db000 JavaThread "JDWP Event Helper Thread" daemon [_thread_blocked, id=6900, stack(0x000000001de20000,0x000000001df20000)]
  0x000000001c6d6800 JavaThread "JDWP Transport Listener: dt_socket" daemon [_thread_blocked, id=6160, stack(0x000000001dd20000,0x000000001de20000)]
  0x000000001c6ce000 JavaThread "Attach Listener" daemon [_thread_blocked, id=6200, stack(0x000000001dc20000,0x000000001dd20000)]
  0x000000001c6cc800 JavaThread "Signal Dispatcher" daemon [_thread_blocked, id=5224, stack(0x000000001db20000,0x000000001dc20000)]
  0x000000001c6ae000 JavaThread "Finalizer" daemon [_thread_blocked, id=7068, stack(0x000000001d940000,0x000000001da40000)]
  0x00000000030e6800 JavaThread "Reference Handler" daemon [_thread_blocked, id=2936, stack(0x000000001d840000,0x000000001d940000)]
  0x0000000002ff6000 JavaThread "main" [_thread_blocked, id=368, stack(0x0000000002c30000,0x0000000002d30000)]

Other Threads:
  0x000000001c685000 VMThread [stack: 0x000000001d740000,0x000000001d840000] [id=2000]
  0x000000001e32b000 WatcherThread [stack: 0x000000001e820000,0x000000001e920000] [id=6868]

VM state:not at safepoint (normal execution)

VM Mutex/Monitor currently owned by a thread: None

Heap:
 PSYoungGen      total 141824K, used 83498K [0x000000076b400000, 0x0000000774900000, 0x00000007c0000000)
  eden space 131072K, 59% used [0x000000076b400000,0x000000077008ceb8,0x0000000773400000)
  from space 10752K, 47% used [0x0000000773400000,0x00000007738fd9f0,0x0000000773e80000)
  to   space 10752K, 0% used [0x0000000773e80000,0x0000000773e80000,0x0000000774900000)
 ParOldGen       total 188928K, used 77360K [0x00000006c1c00000, 0x00000006cd480000, 0x000000076b400000)
  object space 188928K, 40% used [0x00000006c1c00000,0x00000006c678c0e0,0x00000006cd480000)
 Metaspace       used 26901K, capacity 28366K, committed 28544K, reserved 1075200K
  class space    used 2412K, capacity 2907K, committed 2944K, reserved 1048576K

Card table byte_map: [0x00000000124b0000,0x0000000012cb0000] byte_map_base: 0x000000000eea2000

Marking Bits: (ParMarkBitMap*) 0x0000000066089d00
 Begin Bits: [0x0000000013600000, 0x0000000017590000)
 End Bits:   [0x0000000017590000, 0x000000001b520000)

Polling page: 0x0000000000e60000

CodeCache: size=245760Kb used=13912Kb max_used=13952Kb free=231847Kb
 bounds [0x00000000030f0000, 0x0000000003ea0000, 0x00000000120f0000]
 total_blobs=3785 nmethods=3277 adapters=428
 compilation: enabled

Compilation events (10 events):
Event: 12.027 Thread 0x000000001e35f000 3814       2       jdk.internal.org.objectweb.asm.Label::put (83 bytes)
Event: 12.027 Thread 0x000000001e35f000 nmethod 3814 0x0000000003e7e250 code [0x0000000003e7e400, 0x0000000003e7e6b8]
Event: 12.030 Thread 0x000000001e35f000 3819       1       java.lang.invoke.MethodHandleImpl$IntrinsicMethodHandle::getTarget (5 bytes)
Event: 12.030 Thread 0x000000001e35f000 nmethod 3819 0x0000000003e5d9d0 code [0x0000000003e5db20, 0x0000000003e5dc30]
Event: 12.030 Thread 0x000000001e35f000 3820       2       java.lang.invoke.LambdaFormEditor::buffer (12 bytes)
Event: 12.031 Thread 0x000000001e35f000 nmethod 3820 0x0000000003e7e910 code [0x0000000003e7ea80, 0x0000000003e7ec68]
Event: 12.032 Thread 0x000000001e35f000 3823       2       java.lang.invoke.LambdaFormBuffer::indexOf (25 bytes)
Event: 12.032 Thread 0x000000001e35f000 nmethod 3823 0x0000000003e7f010 code [0x0000000003e7f160, 0x0000000003e7f330]
Event: 12.225 Thread 0x000000001e1d2800 nmethod 3628 0x0000000003e865d0 code [0x0000000003e869e0, 0x0000000003e8cba0]
Event: 12.225 Thread 0x000000001e1d2800 3619       4       org.objectweb.asm.ClassReader::b (1124 bytes)

GC Heap History (10 events):
Event: 9.716 GC heap before
{Heap before GC invocations=24 (full 0):
 PSYoungGen      total 141824K, used 141808K [0x000000076b400000, 0x0000000774900000, 0x00000007c0000000)
  eden space 131072K, 100% used [0x000000076b400000,0x0000000773400000,0x0000000773400000)
  from space 10752K, 99% used [0x0000000773400000,0x0000000773e7c010,0x0000000773e80000)
  to   space 10752K, 0% used [0x0000000773e80000,0x0000000773e80000,0x0000000774900000)
 ParOldGen       total 175104K, used 70176K [0x00000006c1c00000, 0x00000006cc700000, 0x000000076b400000)
  object space 175104K, 40% used [0x00000006c1c00000,0x00000006c60881d8,0x00000006cc700000)
 Metaspace       used 18392K, capacity 18976K, committed 19200K, reserved 1067008K
  class space    used 1728K, capacity 1932K, committed 2048K, reserved 1048576K
Event: 9.731 GC heap after
Heap after GC invocations=24 (full 0):
 PSYoungGen      total 141824K, used 5464K [0x000000076b400000, 0x0000000774900000, 0x00000007c0000000)
  eden space 131072K, 0% used [0x000000076b400000,0x000000076b400000,0x0000000773400000)
  from space 10752K, 50% used [0x0000000773e80000,0x00000007743d6270,0x0000000774900000)
  to   space 10752K, 0% used [0x0000000773400000,0x0000000773400000,0x0000000773e80000)
 ParOldGen       total 175104K, used 80816K [0x00000006c1c00000, 0x00000006cc700000, 0x000000076b400000)
  object space 175104K, 46% used [0x00000006c1c00000,0x00000006c6aec228,0x00000006cc700000)
 Metaspace       used 18392K, capacity 18976K, committed 19200K, reserved 1067008K
  class space    used 1728K, capacity 1932K, committed 2048K, reserved 1048576K
}
Event: 10.174 GC heap before
{Heap before GC invocations=25 (full 0):
 PSYoungGen      total 141824K, used 76194K [0x000000076b400000, 0x0000000774900000, 0x00000007c0000000)
  eden space 131072K, 53% used [0x000000076b400000,0x000000076f912968,0x0000000773400000)
  from space 10752K, 50% used [0x0000000773e80000,0x00000007743d6270,0x0000000774900000)
  to   space 10752K, 0% used [0x0000000773400000,0x0000000773400000,0x0000000773e80000)
 ParOldGen       total 175104K, used 80816K [0x00000006c1c00000, 0x00000006cc700000, 0x000000076b400000)
  object space 175104K, 46% used [0x00000006c1c00000,0x00000006c6aec228,0x00000006cc700000)
 Metaspace       used 20152K, capacity 21168K, committed 21248K, reserved 1069056K
  class space    used 1934K, capacity 2276K, committed 2304K, reserved 1048576K
Event: 10.185 GC heap after
Heap after GC invocations=25 (full 0):
 PSYoungGen      total 141824K, used 3251K [0x000000076b400000, 0x0000000774900000, 0x00000007c0000000)
  eden space 131072K, 0% used [0x000000076b400000,0x000000076b400000,0x0000000773400000)
  from space 10752K, 30% used [0x0000000773400000,0x000000077372cd90,0x0000000773e80000)
  to   space 10752K, 0% used [0x0000000773e80000,0x0000000773e80000,0x0000000774900000)
 ParOldGen       total 175104K, used 85016K [0x00000006c1c00000, 0x00000006cc700000, 0x000000076b400000)
  object space 175104K, 48% used [0x00000006c1c00000,0x00000006c6f06380,0x00000006cc700000)
 Metaspace       used 20152K, capacity 21168K, committed 21248K, reserved 1069056K
  class space    used 1934K, capacity 2276K, committed 2304K, reserved 1048576K
}
Event: 10.185 GC heap before
{Heap before GC invocations=26 (full 1):
 PSYoungGen      total 141824K, used 3251K [0x000000076b400000, 0x0000000774900000, 0x00000007c0000000)
  eden space 131072K, 0% used [0x000000076b400000,0x000000076b400000,0x0000000773400000)
  from space 10752K, 30% used [0x0000000773400000,0x000000077372cd90,0x0000000773e80000)
  to   space 10752K, 0% used [0x0000000773e80000,0x0000000773e80000,0x0000000774900000)
 ParOldGen       total 175104K, used 85016K [0x00000006c1c00000, 0x00000006cc700000, 0x000000076b400000)
  object space 175104K, 48% used [0x00000006c1c00000,0x00000006c6f06380,0x00000006cc700000)
 Metaspace       used 20152K, capacity 21168K, committed 21248K, reserved 1069056K
  class space    used 1934K, capacity 2276K, committed 2304K, reserved 1048576K
Event: 10.504 GC heap after
Heap after GC invocations=26 (full 1):
 PSYoungGen      total 141824K, used 0K [0x000000076b400000, 0x0000000774900000, 0x00000007c0000000)
  eden space 131072K, 0% used [0x000000076b400000,0x000000076b400000,0x0000000773400000)
  from space 10752K, 0% used [0x0000000773400000,0x0000000773400000,0x0000000773e80000)
  to   space 10752K, 0% used [0x0000000773e80000,0x0000000773e80000,0x0000000774900000)
 ParOldGen       total 188928K, used 77344K [0x00000006c1c00000, 0x00000006cd480000, 0x000000076b400000)
  object space 188928K, 40% used [0x00000006c1c00000,0x00000006c67880e0,0x00000006cd480000)
 Metaspace       used 20152K, capacity 21168K, committed 21248K, reserved 1069056K
  class space    used 1934K, capacity 2276K, committed 2304K, reserved 1048576K
}
Event: 11.097 GC heap before
{Heap before GC invocations=27 (full 1):
 PSYoungGen      total 141824K, used 131072K [0x000000076b400000, 0x0000000774900000, 0x00000007c0000000)
  eden space 131072K, 100% used [0x000000076b400000,0x0000000773400000,0x0000000773400000)
  from space 10752K, 0% used [0x0000000773400000,0x0000000773400000,0x0000000773e80000)
  to   space 10752K, 0% used [0x0000000773e80000,0x0000000773e80000,0x0000000774900000)
 ParOldGen       total 188928K, used 77344K [0x00000006c1c00000, 0x00000006cd480000, 0x000000076b400000)
  object space 188928K, 40% used [0x00000006c1c00000,0x00000006c67880e0,0x00000006cd480000)
 Metaspace       used 22659K, capacity 23768K, committed 23936K, reserved 1071104K
  class space    used 2067K, capacity 2414K, committed 2432K, reserved 1048576K
Event: 11.102 GC heap after
Heap after GC invocations=27 (full 1):
 PSYoungGen      total 141824K, used 3545K [0x000000076b400000, 0x0000000774900000, 0x00000007c0000000)
  eden space 131072K, 0% used [0x000000076b400000,0x000000076b400000,0x0000000773400000)
  from space 10752K, 32% used [0x0000000773e80000,0x00000007741f6490,0x0000000774900000)
  to   space 10752K, 0% used [0x0000000773400000,0x0000000773400000,0x0000000773e80000)
 ParOldGen       total 188928K, used 77352K [0x00000006c1c00000, 0x00000006cd480000, 0x000000076b400000)
  object space 188928K, 40% used [0x00000006c1c00000,0x00000006c678a0e0,0x00000006cd480000)
 Metaspace       used 22659K, capacity 23768K, committed 23936K, reserved 1071104K
  class space    used 2067K, capacity 2414K, committed 2432K, reserved 1048576K
}
Event: 11.778 GC heap before
{Heap before GC invocations=28 (full 1):
 PSYoungGen      total 141824K, used 134617K [0x000000076b400000, 0x0000000774900000, 0x00000007c0000000)
  eden space 131072K, 100% used [0x000000076b400000,0x0000000773400000,0x0000000773400000)
  from space 10752K, 32% used [0x0000000773e80000,0x00000007741f6490,0x0000000774900000)
  to   space 10752K, 0% used [0x0000000773400000,0x0000000773400000,0x0000000773e80000)
 ParOldGen       total 188928K, used 77352K [0x00000006c1c00000, 0x00000006cd480000, 0x000000076b400000)
  object space 188928K, 40% used [0x00000006c1c00000,0x00000006c678a0e0,0x00000006cd480000)
 Metaspace       used 25724K, capacity 27080K, committed 27136K, reserved 1073152K
  class space    used 2318K, capacity 2772K, committed 2816K, reserved 1048576K
Event: 11.786 GC heap after
Heap after GC invocations=28 (full 1):
 PSYoungGen      total 141824K, used 5110K [0x000000076b400000, 0x0000000774900000, 0x00000007c0000000)
  eden space 131072K, 0% used [0x000000076b400000,0x000000076b400000,0x0000000773400000)
  from space 10752K, 47% used [0x0000000773400000,0x00000007738fd9f0,0x0000000773e80000)
  to   space 10752K, 0% used [0x0000000773e80000,0x0000000773e80000,0x0000000774900000)
 ParOldGen       total 188928K, used 77360K [0x00000006c1c00000, 0x00000006cd480000, 0x000000076b400000)
  object space 188928K, 40% used [0x00000006c1c00000,0x00000006c678c0e0,0x00000006cd480000)
 Metaspace       used 25724K, capacity 27080K, committed 27136K, reserved 1073152K
  class space    used 2318K, capacity 2772K, committed 2816K, reserved 1048576K
}

Deoptimization events (10 events):
Event: 10.018 Thread 0x0000000002ff6000 Uncommon trap: reason=bimorphic action=maybe_recompile pc=0x000000000320b130 method=java.util.regex.Pattern$CharProperty.match(Ljava/util/regex/Matcher;ILjava/lang/CharSequence;)Z @ 18
Event: 10.018 Thread 0x0000000002ff6000 Uncommon trap: reason=bimorphic action=maybe_recompile pc=0x000000000320b130 method=java.util.regex.Pattern$CharProperty.match(Ljava/util/regex/Matcher;ILjava/lang/CharSequence;)Z @ 18
Event: 10.018 Thread 0x0000000002ff6000 Uncommon trap: reason=bimorphic action=maybe_recompile pc=0x00000000037d3854 method=java.util.regex.Pattern$Curly.match0(Ljava/util/regex/Matcher;IILjava/lang/CharSequence;)Z @ 31
Event: 10.521 Thread 0x0000000002ff6000 Uncommon trap: reason=unstable_if action=reinterpret pc=0x000000000367f530 method=org.objectweb.asm.MethodWriter.b(Lorg/objectweb/asm/Frame;)V @ 113
Event: 11.732 Thread 0x0000000002ff6000 Uncommon trap: reason=bimorphic action=maybe_recompile pc=0x00000000037d3854 method=java.util.regex.Pattern$Curly.match0(Ljava/util/regex/Matcher;IILjava/lang/CharSequence;)Z @ 31
Event: 11.732 Thread 0x0000000002ff6000 Uncommon trap: reason=bimorphic action=maybe_recompile pc=0x00000000037d3854 method=java.util.regex.Pattern$Curly.match0(Ljava/util/regex/Matcher;IILjava/lang/CharSequence;)Z @ 31
Event: 11.740 Thread 0x0000000002ff6000 Uncommon trap: reason=unstable_if action=reinterpret pc=0x0000000003b41004 method=java.util.TreeMap.getEntry(Ljava/lang/Object;)Ljava/util/TreeMap$Entry; @ 4
Event: 11.740 Thread 0x0000000002ff6000 Uncommon trap: reason=unstable_if action=reinterpret pc=0x0000000003a5d1ec method=java.util.TreeMap.put(Ljava/lang/Object;Ljava/lang/Object;)Ljava/lang/Object; @ 6
Event: 11.973 Thread 0x0000000002ff6000 Uncommon trap: reason=bimorphic action=maybe_recompile pc=0x0000000003e63bc8 method=java.util.regex.Pattern$CharProperty.match(Ljava/util/regex/Matcher;ILjava/lang/CharSequence;)Z @ 37
Event: 12.010 Thread 0x0000000002ff6000 Uncommon trap: reason=unstable_if action=reinterpret pc=0x00000000034fd6cc method=org.objectweb.asm.ByteVector.putUTF8(Ljava/lang/String;)Lorg/objectweb/asm/ByteVector; @ 98

Internal exceptions (10 events):
Event: 0.518 Thread 0x0000000002ff6000 Exception <a 'java/security/PrivilegedActionException'> (0x000000076ba7ba60) thrown at [C:\src\android\AOSP-openjdk\external\jetbrains\jdk\hotspot\src\share\vm\prims\jvm.cpp, line 1386]
Event: 0.518 Thread 0x0000000002ff6000 Exception <a 'java/security/PrivilegedActionException'> (0x000000076ba7bc70) thrown at [C:\src\android\AOSP-openjdk\external\jetbrains\jdk\hotspot\src\share\vm\prims\jvm.cpp, line 1386]
Event: 0.868 Thread 0x0000000002ff6000 Implicit null exception at 0x00000000032ca8db to 0x00000000032cab61
Event: 1.130 Thread 0x0000000002ff6000 Exception <a 'java/lang/NoSuchFieldError': method resolution failed> (0x000000076d2a6580) thrown at [C:\src\android\AOSP-openjdk\external\jetbrains\jdk\hotspot\src\share\vm\prims\methodHandles.cpp, line 1146]
Event: 1.132 Thread 0x0000000002ff6000 Exception <a 'java/lang/NoSuchFieldError': method resolution failed> (0x000000076d2b4510) thrown at [C:\src\android\AOSP-openjdk\external\jetbrains\jdk\hotspot\src\share\vm\prims\methodHandles.cpp, line 1146]
Event: 7.658 Thread 0x0000000002ff6000 Implicit null exception at 0x00000000031f308b to 0x00000000031f329d
Event: 7.695 Thread 0x0000000002ff6000 Implicit null exception at 0x0000000003bdc9a8 to 0x0000000003bddb59
Event: 8.682 Thread 0x0000000002ff6000 Implicit null exception at 0x00000000032b9297 to 0x00000000032b973d
Event: 8.682 Thread 0x0000000002ff6000 Implicit null exception at 0x000000000329f8d9 to 0x000000000329fd19
Event: 9.973 Thread 0x0000000002ff6000 Exception <a 'java/lang/NoSuchFieldError': method resolution failed> (0x000000076caa6d48) thrown at [C:\src\android\AOSP-openjdk\external\jetbrains\jdk\hotspot\src\share\vm\prims\methodHandles.cpp, line 1146]

Events (10 events):
Event: 12.284 Executing VM operation: GetOrSetLocal
Event: 12.284 Executing VM operation: GetOrSetLocal done
Event: 12.284 Executing VM operation: GetOrSetLocal
Event: 12.284 Executing VM operation: GetOrSetLocal done
Event: 12.284 Executing VM operation: GetOrSetLocal
Event: 12.284 Executing VM operation: GetOrSetLocal done
Event: 12.284 Executing VM operation: GetOrSetLocal
Event: 12.284 Executing VM operation: GetOrSetLocal done
Event: 12.284 Executing VM operation: GetOrSetLocal
Event: 12.284 Executing VM operation: GetOrSetLocal done


Dynamic libraries:
0x00007ff7f0eb0000 - 0x00007ff7f0ee1000 	C:\Program Files\Android\Android Studio\jre\bin\java.exe
0x00007ff952b70000 - 0x00007ff952d1d000 	C:\WINDOWS\SYSTEM32\ntdll.dll
0x00007ff950f70000 - 0x00007ff9510ae000 	C:\WINDOWS\system32\KERNEL32.DLL
0x00007ff94ffd0000 - 0x00007ff9500e5000 	C:\WINDOWS\system32\KERNELBASE.dll
0x00007ff9528a0000 - 0x00007ff95294a000 	C:\WINDOWS\system32\ADVAPI32.dll
0x00007ff950df0000 - 0x00007ff950f67000 	C:\WINDOWS\system32\USER32.dll
0x00007ff94ed80000 - 0x00007ff94effb000 	C:\WINDOWS\WinSxS\amd64_microsoft.windows.common-controls_6595b64144ccf1df_6.0.9600.18006_none_623f33d3ecbe86e8\COMCTL32.dll
0x00007ff9510c0000 - 0x00007ff95116a000 	C:\WINDOWS\system32\msvcrt.dll
0x00007ff952840000 - 0x00007ff952899000 	C:\WINDOWS\SYSTEM32\sechost.dll
0x00007ff9504c0000 - 0x00007ff950600000 	C:\WINDOWS\system32\RPCRT4.dll
0x00007ff952a20000 - 0x00007ff952b6f000 	C:\WINDOWS\system32\GDI32.dll
0x00007ff94fdc0000 - 0x00007ff94fdee000 	C:\WINDOWS\system32\SspiCli.dll
0x00007ff950db0000 - 0x00007ff950de6000 	C:\WINDOWS\system32\IMM32.DLL
0x00007ff950600000 - 0x00007ff950752000 	C:\WINDOWS\system32\MSCTF.dll
0x00007ff94fc40000 - 0x00007ff94fc71000 	C:\WINDOWS\system32\nvinitx.dll
0x00007ff94fc30000 - 0x00007ff94fc3a000 	C:\WINDOWS\SYSTEM32\VERSION.dll
0x0000000068f20000 - 0x0000000068f26000 	C:\Program Files\NVIDIA Corporation\CoProcManager\_etoured.dll
0x00007ff94d850000 - 0x00007ff94d881000 	C:\Program Files\NVIDIA Corporation\CoProcManager\nvd3d9wrapx.dll
0x00007ff9502d0000 - 0x00007ff9504aa000 	C:\WINDOWS\system32\SETUPAPI.dll
0x00007ff9501a0000 - 0x00007ff9501ef000 	C:\WINDOWS\system32\CFGMGR32.dll
0x00007ff94d7c0000 - 0x00007ff94d7e2000 	C:\Program Files\NVIDIA Corporation\CoProcManager\nvdxgiwrapx.dll
0x00000000657f0000 - 0x00000000658c2000 	C:\Program Files\Android\Android Studio\jre\jre\bin\msvcr100.dll
0x00000000658d0000 - 0x0000000066104000 	C:\Program Files\Android\Android Studio\jre\jre\bin\server\jvm.dll
0x00007ff945270000 - 0x00007ff945279000 	C:\WINDOWS\SYSTEM32\WSOCK32.dll
0x00007ff94d310000 - 0x00007ff94d332000 	C:\WINDOWS\SYSTEM32\WINMM.dll
0x00007ff950c00000 - 0x00007ff950c07000 	C:\WINDOWS\system32\PSAPI.DLL
0x00007ff950760000 - 0x00007ff9507ba000 	C:\WINDOWS\system32\WS2_32.dll
0x00007ff94d120000 - 0x00007ff94d14a000 	C:\WINDOWS\SYSTEM32\WINMMBASE.dll
0x00007ff9510b0000 - 0x00007ff9510b9000 	C:\WINDOWS\system32\NSI.dll
0x00007ff94e4b0000 - 0x00007ff94e4d8000 	C:\WINDOWS\SYSTEM32\DEVOBJ.dll
0x00007ff94bf90000 - 0x00007ff94bf9f000 	C:\Program Files\Android\Android Studio\jre\jre\bin\verify.dll
0x00007ff946250000 - 0x00007ff946279000 	C:\Program Files\Android\Android Studio\jre\jre\bin\java.dll
0x00007ff9383e0000 - 0x00007ff938415000 	C:\Program Files\Android\Android Studio\jre\jre\bin\jdwp.dll
0x00007ff94bf80000 - 0x00007ff94bf88000 	C:\Program Files\Android\Android Studio\jre\jre\bin\npt.dll
0x00007ff93d7c0000 - 0x00007ff93d7e3000 	C:\Program Files\Android\Android Studio\jre\jre\bin\instrument.dll
0x00007ff94a900000 - 0x00007ff94a916000 	C:\Program Files\Android\Android Studio\jre\jre\bin\zip.dll
0x00007ff951170000 - 0x00007ff952698000 	C:\WINDOWS\system32\SHELL32.dll
0x00007ff9509e0000 - 0x00007ff950bf1000 	C:\WINDOWS\SYSTEM32\combase.dll
0x00007ff950c80000 - 0x00007ff950cd4000 	C:\WINDOWS\system32\SHLWAPI.dll
0x00007ff94dbf0000 - 0x00007ff94dca2000 	C:\WINDOWS\SYSTEM32\SHCORE.dll
0x00007ff94fc90000 - 0x00007ff94fca5000 	C:\WINDOWS\SYSTEM32\profapi.dll
0x00007ff94bf60000 - 0x00007ff94bf69000 	C:\Program Files\Android\Android Studio\jre\jre\bin\dt_socket.dll
0x00007ff94f4e0000 - 0x00007ff94f539000 	C:\WINDOWS\system32\mswsock.dll
0x00007ff94f540000 - 0x00007ff94f560000 	C:\WINDOWS\SYSTEM32\CRYPTSP.dll
0x00007ff94f160000 - 0x00007ff94f196000 	C:\WINDOWS\system32\rsaenh.dll
0x00007ff94f790000 - 0x00007ff94f7b6000 	C:\WINDOWS\SYSTEM32\bcrypt.dll
0x00007ff94f270000 - 0x00007ff94f291000 	C:\WINDOWS\SYSTEM32\USERENV.dll
0x00007ff94faa0000 - 0x00007ff94fb03000 	C:\WINDOWS\system32\bcryptprimitives.dll
0x00007ff94fb10000 - 0x00007ff94fb1b000 	C:\WINDOWS\SYSTEM32\CRYPTBASE.dll
0x00007ff946230000 - 0x00007ff94624a000 	C:\Program Files\Android\Android Studio\jre\jre\bin\net.dll
0x00007ff947c30000 - 0x00007ff947c5a000 	C:\WINDOWS\SYSTEM32\IPHLPAPI.DLL
0x00007ff947c10000 - 0x00007ff947c1a000 	C:\WINDOWS\SYSTEM32\WINNSI.DLL
0x00007ff9476d0000 - 0x00007ff9476e6000 	C:\WINDOWS\SYSTEM32\dhcpcsvc6.DLL
0x00007ff9478d0000 - 0x00007ff9478ea000 	C:\WINDOWS\SYSTEM32\dhcpcsvc.DLL
0x00007ff946210000 - 0x00007ff946221000 	C:\Program Files\Android\Android Studio\jre\jre\bin\nio.dll
0x00007ff938280000 - 0x00007ff9382a4000 	C:\Program Files\Android\Android Studio\jre\jre\bin\sunec.dll
0x00007ff94ba30000 - 0x00007ff94ba3b000 	C:\Program Files\Android\Android Studio\jre\jre\bin\sunmscapi.dll
0x0000000023fb0000 - 0x000000002418f000 	C:\WINDOWS\system32\CRYPT32.dll
0x00007ff94fd40000 - 0x00007ff94fd51000 	C:\WINDOWS\system32\MSASN1.dll

VM Arguments:
jvm_args: -agentlib:jdwp=transport=dt_socket,address=127.0.0.1:58140,suspend=y,server=n -ea -javaagent:C:\Users\John\.AndroidStudio2.2\system\groovyHotSwap\gragent.jar -Didea.junit.sm_runner -Dfile.encoding=UTF-8 
java_command: com.intellij.rt.execution.junit.JUnitStarter -ideVersion5 com.navasgroup.noamp.NoAmpWebPageTest
java_class_path (initial): C:\Program Files\Android\Android Studio\lib\idea_rt.jar;C:\Program Files\Android\Android Studio\plugins\junit\lib\junit-rt.jar;C:\Users\John\AppData\Local\Android\sdk\platforms\android-25\data\res;C:\Users\John\AndroidStudioProjects\NoAMP\app\build\intermediates\classes\test\debug;C:\Users\John\AndroidStudioProjects\NoAMP\app\build\intermediates\classes\debug;C:\Users\John\.gradle\caches\modules-2\files-2.1\backport-util-concurrent\backport-util-concurrent\3.1\682f7ac17fed79e92f8e87d8455192b63376347b\backport-util-concurrent-3.1.jar;C:\Users\John\.gradle\caches\modules-2\files-2.1\org.apache.maven\maven-profile\2.2.1\3950071587027e5086e9c395574a60650c432738\maven-profile-2.2.1.jar;C:\Users\John\.gradle\caches\modules-2\files-2.1\nekohtml\xercesMinimal\1.9.6.2\d1c5e063683a0e6f77cd5f051a9d4af48346fa6\xercesMinimal-1.9.6.2.jar;C:\Users\John\.gradle\caches\modules-2\files-2.1\org.apache.maven\maven-settings\2.2.1\2236ffe71fa5f78ce42b0f5fc22c54ed45f14294\maven-settings-2.2.1.jar;C:\Users\John\.gradle\caches\modules-2\files-2.1\org.hamcrest\hamcrest-library\1.3\4785a3c21320980282f9f33d0d1264a69040538f\hamcrest-library-1.3.jar;C:\Users\John\.gradle\caches\modules-2\files-2.1\org.ow2.asm\asm-commons\5.0.1\7b7147a390a93a14d2edfdcf3f7b0e87a0939c3e\asm-commons-5.0.1.jar;C:\Users\John\.gradle\caches\modules-2\files-2.1\com.google.android.apps.common.testing.accessibility.framework\accessibility-test-framework\2.1\c2d6267c3ad0435ddf9e27a94a0e0af4ca3fdfbb\accessibility-test-framework-2.1.jar;C:\Users\John\.gradle\caches\modules-2\files-2.1\org.apache.maven.wagon\wagon-http-lightweight\1.0-beta-6\b3815078570c3b1f0667e123d59717c6b726c6c2\wagon-http-lightweight-1.0-beta-6.jar;C:\Users\John\.gradle\caches\modules-2\files-2.1\nekohtml\nekohtml\1.9.6.2\2d960be7b62ae6622dbbbe49ab4ffdc609f85c80\nekohtml-1.9.6.2.jar;C:\Users\John\.gradle\caches\modules-2\files-2.1\org.ow2.asm\asm\5.0.1\2fd56467a018aafe6ec6a73ccba520be4a7e1565\asm-5.0.1.jar;C:\Users\John\.gradl
Launcher Type: SUN_STANDARD

Environment Variables:
PATH=C:\Perl\site\bin;C:\Perl\bin;C:\WINDOWS\system32;C:\WINDOWS;C:\WINDOWS\System32\Wbem;C:\WINDOWS\System32\WindowsPowerShell\v1.0\;C:\Program Files (x86)\Intel\OpenCL SDK\2.0\bin\x86;C:\Program Files (x86)\Intel\OpenCL SDK\2.0\bin\x64;C:\Program Files (x86)\Intel\OpenCL SDK\2.0\bin\x86;C:\Program Files (x86)\Intel\OpenCL SDK\2.0\bin\x64;C:\Program Files\Intel\WiFi\bin\;C:\Program Files\Common Files\Intel\WirelessCommon\;C:\Program Files (x86)\Intel\Services\IPT\;C:\Program Files\FFmpeg\bin;C:\Program Files (x86)\PuTTY\;C:\Program Files (x86)\WinMerge;C:\Program Files (x86)\Calibre2\;C:\Program Files (x86)\Skype\Phone\;C:\Program Files (x86)\Sysinternals;C:\Program Files\Git\cmd;C:\Program Files\OpenVPN\bin
USERNAME=John
OS=Windows_NT
PROCESSOR_IDENTIFIER=Intel64 Family 6 Model 42 Stepping 7, GenuineIntel



---------------  S Y S T E M  ---------------

OS: Windows 8.1 , 64 bit Build 9600 (6.3.9600.17415)

CPU:total 4 (2 cores per cpu, 2 threads per core) family 6 model 42 stepping 7, cmov, cx8, fxsr, mmx, sse, sse2, sse3, ssse3, sse4.1, sse4.2, popcnt, avx, aes, clmul, ht, tsc, tscinvbit

Memory: 4k page, physical 16656620k(4818700k free), swap 17705196k(5116k free)

vm_info: OpenJDK 64-Bit Server VM (25.76-b03) for windows-amd64 JRE (1.8.0_76-release-b03), built on Jun 29 2016 19:09:20 by "ralucas" with MS VC++ 10.0 (VS2010)

time: Fri Feb 03 20:47:02 2017
elapsed time: 12 seconds (0d 0h 0m 12s)

