JvmtiExport can_access_local_variables 1
JvmtiExport can_hotswap_or_post_breakpoint 1
JvmtiExport can_post_on_exceptions 1
# 294 ciObject found
ciMethod java/lang/Object <init> ()V 4097 1 3265873 0 96
ciMethod java/lang/Object getClass ()Ljava/lang/Class; 2049 1 256 0 -1
ciMethod java/lang/String <init> ([CII)V 4097 1 10769 0 -1
ciMethod java/lang/String equals (Ljava/lang/Object;)Z 4097 14657 4565 0 -1
ciMethod java/util/Map containsKey (Ljava/lang/Object;)Z 0 0 1 0 -1
ciMethod java/util/Map put (Ljava/lang/Object;Ljava/lang/Object;)Ljava/lang/Object; 0 0 1 0 -1
ciMethod java/lang/Float <init> (F)V 17 1 358 0 -1
ciMethod java/lang/Float intBitsToFloat (I)F 9 1 1 0 -1
ciMethod java/lang/Double <init> (D)V 25 1 18 0 -1
ciMethod java/lang/Double longBitsToDouble (J)D 129 1 16 0 -1
ciMethod java/lang/Integer <init> (I)V 12873 1 25294 0 -1
ciMethod java/lang/Long <init> (J)V 2049 1 1071 0 -1
ciMethod java/util/List add (Ljava/lang/Object;)Z 0 0 1 0 -1
ciMethod java/util/List subList (II)Ljava/util/List; 0 0 1 0 -1
ciMethod java/util/AbstractList <init> ()V 2049 1 243476 0 0
ciMethod java/util/AbstractList subList (II)Ljava/util/List; 25041 1 34876 0 0
ciMethod java/util/AbstractCollection <init> ()V 785 1 245954 0 32
ciMethod java/util/ArrayList ensureCapacityInternal (I)V 1489 1 75866 0 0
ciMethod java/util/ArrayList ensureExplicitCapacity (I)V 1489 1 75866 0 0
ciMethod java/util/ArrayList grow (I)V 153 1 8214 0 608
ciMethod java/util/ArrayList hugeCapacity (I)I 0 0 1 0 -1
ciMethod java/util/ArrayList add (Ljava/lang/Object;)Z 1489 1 46847 0 1056
ciMethod java/lang/Math max (II)I 4097 1 76157 0 -1
ciMethod java/util/Objects requireNonNull (Ljava/lang/Object;)Ljava/lang/Object; 2049 1 80521 0 0
ciMethod java/util/Arrays copyOf ([Ljava/lang/Object;I)[Ljava/lang/Object; 2049 1 13516 0 0
ciMethod java/util/Arrays copyOf ([Ljava/lang/Object;ILjava/lang/Class;)[Ljava/lang/Object; 2065 1 10809 0 -1
ciMethod java/util/Arrays asList ([Ljava/lang/Object;)Ljava/util/List; 2073 1 63991 0 0
ciMethodData java/lang/Object <init> ()V 2 3265878 orig 264 8 30 231 101 0 0 0 0 128 4 210 27 0 0 0 0 32 1 0 0 0 0 0 0 0 0 0 0 0 0 0 0 0 0 0 0 0 0 0 0 0 0 0 0 0 0 0 0 0 0 0 0 0 0 0 0 0 0 0 0 0 0 0 0 0 0 0 0 0 0 0 0 0 0 0 0 0 0 0 0 77 68 79 32 101 120 116 114 97 32 100 97 116 97 32 108 111 99 107 0 0 0 0 0 0 0 0 0 0 0 0 0 0 0 0 0 0 0 0 0 0 0 0 0 0 0 0 0 0 0 0 0 0 0 0 0 0 0 0 0 0 0 0 0 0 0 0 0 0 0 0 0 0 0 0 0 0 0 0 0 0 0 0 0 0 0 0 0 0 0 0 0 0 0 0 0 0 0 0 0 0 0 0 0 0 0 0 0 0 0 0 0 0 0 0 0 0 0 0 0 0 0 0 0 0 0 0 0 0 0 0 0 0 0 0 0 0 2 0 0 177 154 142 1 1 0 0 0 0 0 0 0 0 0 0 0 2 0 0 0 0 0 0 0 0 0 0 0 0 0 0 0 255 255 255 255 0 0 0 0 0 0 0 0 data 0 oops 0
ciMethod java/util/BitSet <init> ()V 3313 1 29878 0 -1
ciMethodData java/util/ArrayList add (Ljava/lang/Object;)Z 2 46847 orig 264 8 30 231 101 0 0 0 0 240 28 223 27 0 0 0 0 144 1 0 0 0 0 0 0 0 0 0 0 0 0 0 0 0 0 0 0 0 0 0 0 0 0 0 0 0 0 0 0 0 0 0 0 0 0 0 0 0 0 0 0 0 0 0 0 0 0 0 0 0 0 0 0 0 0 0 0 0 0 0 0 77 68 79 32 101 120 116 114 97 32 100 97 116 97 32 108 111 99 107 0 0 0 0 0 0 0 0 0 0 0 0 0 0 0 0 0 0 0 0 0 0 0 0 0 0 0 0 0 0 0 0 0 0 0 0 0 0 0 0 0 0 0 0 0 0 0 0 0 0 0 0 0 0 0 0 0 0 0 0 0 0 0 0 0 0 0 0 0 0 0 0 0 0 0 0 0 0 0 0 0 0 0 0 0 0 0 0 0 0 0 0 0 0 0 0 0 0 0 0 0 0 0 0 0 0 0 0 0 0 0 0 0 0 0 0 0 186 0 0 0 41 178 5 0 1 0 0 0 0 0 0 0 0 0 0 0 2 0 0 0 0 0 15 0 2 0 0 0 64 0 0 0 255 255 255 255 2 0 7 0 0 0 0 0 data 8 0x70002 0xb645 0x1a0104 0x0 0x24410ec0 0x11 0x1c708bc0 0x1338 oops 2 4 java/io/FilePermission 6 java/lang/String
ciMethodData java/util/ArrayList ensureCapacityInternal (I)V 2 75866 orig 264 8 30 231 101 0 0 0 0 104 18 223 27 0 0 0 0 144 1 0 0 32 0 0 0 0 0 0 0 0 0 0 0 0 0 0 0 0 0 0 0 0 0 0 0 0 0 0 0 0 0 0 0 0 0 0 0 0 0 0 0 0 0 0 0 0 0 0 0 0 0 0 0 0 0 0 0 0 0 0 0 77 68 79 32 101 120 116 114 97 32 100 97 116 97 32 108 111 99 107 0 0 0 0 0 0 0 0 0 0 0 0 0 0 0 0 0 0 0 0 0 0 0 0 0 0 0 0 0 0 0 0 0 0 0 0 0 0 0 0 0 0 0 0 0 0 0 0 0 0 0 0 0 0 0 0 0 0 0 0 0 0 0 0 0 0 0 0 0 0 0 0 0 0 0 0 0 0 0 0 0 0 0 0 0 0 0 0 0 0 0 0 0 0 0 0 0 0 0 0 0 0 0 0 0 0 0 0 0 0 0 0 0 0 0 0 0 186 0 0 0 1 61 9 0 1 0 0 0 0 0 0 0 0 0 0 0 2 0 0 0 0 0 14 0 2 0 0 0 64 0 0 0 255 255 255 255 7 0 7 0 0 0 0 0 data 8 0x70007 0x10a6d 0x30 0x1d33 0xd0002 0x1d33 0x130002 0x127a0 oops 0
ciMethodData java/util/ArrayList ensureExplicitCapacity (I)V 2 75866 orig 264 8 30 231 101 0 0 0 0 24 19 223 27 0 0 0 0 88 1 0 0 0 0 0 0 0 0 0 0 0 0 0 0 0 0 0 0 0 0 0 0 0 0 0 0 0 0 0 0 0 0 0 0 0 0 0 0 0 0 0 0 0 0 0 0 0 0 0 0 0 0 0 0 0 0 0 0 0 0 0 0 77 68 79 32 101 120 116 114 97 32 100 97 116 97 32 108 111 99 107 0 0 0 0 0 0 0 0 0 0 0 0 0 0 0 0 0 0 0 0 0 0 0 0 0 0 0 0 0 0 0 0 0 0 0 0 0 0 0 0 0 0 0 0 0 0 0 0 0 0 0 0 0 0 0 0 0 0 0 0 0 0 0 0 0 0 0 0 0 0 0 0 0 0 0 0 0 0 0 0 0 0 0 0 0 0 0 0 0 0 0 0 0 0 0 0 0 0 0 0 0 0 0 0 0 0 0 0 0 0 0 0 0 0 0 0 0 186 0 0 0 1 61 9 0 1 0 0 0 0 0 0 0 0 0 0 0 2 0 0 0 0 0 6 0 2 0 0 0 48 0 0 0 255 255 255 255 7 0 17 0 0 0 0 0 data 6 0x110007 0x107a0 0x30 0x2000 0x160002 0x2000 oops 0
ciMethodData java/util/ArrayList grow (I)V 2 8214 orig 264 8 30 231 101 0 0 0 0 224 19 223 27 0 0 0 0 176 1 0 0 64 0 0 0 0 0 0 0 0 0 0 0 0 0 0 0 0 0 0 0 0 0 0 0 0 0 0 0 0 0 0 0 0 0 0 0 0 0 0 0 0 0 0 0 0 0 0 0 0 0 0 0 0 0 0 0 0 0 0 0 77 68 79 32 101 120 116 114 97 32 100 97 116 97 32 108 111 99 107 0 0 0 0 0 0 0 0 0 0 0 0 0 0 0 0 0 0 0 0 0 0 0 0 0 0 0 0 0 0 0 0 0 0 0 0 0 0 0 0 0 0 0 0 0 0 0 0 0 0 0 0 0 0 0 0 0 0 0 0 0 0 0 0 0 0 0 0 0 0 0 0 0 0 0 0 0 0 0 0 0 0 0 0 0 0 0 0 0 0 0 0 0 0 0 0 0 0 0 0 0 0 0 0 0 0 0 0 0 0 0 0 0 0 0 0 0 19 0 0 0 25 0 1 0 1 0 0 0 0 0 0 0 0 0 0 0 2 0 0 0 0 0 15 0 2 0 0 0 96 0 0 0 255 255 255 255 7 0 15 0 0 0 0 0 data 12 0xf0007 0x173 0x20 0x1e90 0x180007 0x2003 0x30 0x0 0x1c0002 0x0 0x260002 0x2003 oops 0
ciMethodData java/util/AbstractCollection <init> ()V 2 245954 orig 264 8 30 231 101 0 0 0 0 240 159 222 27 0 0 0 0 48 1 0 0 0 0 0 0 0 0 0 0 0 0 0 0 0 0 0 0 0 0 0 0 0 0 0 0 0 0 0 0 0 0 0 0 0 0 0 0 0 0 0 0 0 0 0 0 0 0 0 0 0 0 0 0 0 0 0 0 0 0 0 0 77 68 79 32 101 120 116 114 97 32 100 97 116 97 32 108 111 99 107 0 0 0 0 0 0 0 0 0 0 0 0 0 0 0 0 0 0 0 0 0 0 0 0 0 0 0 0 0 0 0 0 0 0 0 0 0 0 0 0 0 0 0 0 0 0 0 0 0 0 0 0 0 0 0 0 0 0 0 0 0 0 0 0 0 0 0 0 0 0 0 0 0 0 0 0 0 0 0 0 0 0 0 0 0 0 0 0 0 0 0 0 0 0 0 0 0 0 0 0 0 0 0 0 0 0 0 0 0 0 0 0 0 0 0 0 0 98 0 0 0 1 3 30 0 1 0 0 0 0 0 0 0 0 0 0 0 2 0 0 0 0 0 3 0 2 0 0 0 16 0 0 0 255 255 255 255 2 0 1 0 0 0 0 0 data 2 0x10002 0x3c060 oops 0
ciMethod java/util/Arrays$ArrayList <init> ([Ljava/lang/Object;)V 2073 1 63991 0 0
ciMethodData java/util/AbstractList <init> ()V 2 243476 orig 264 8 30 231 101 0 0 0 0 80 140 222 27 0 0 0 0 48 1 0 0 0 0 0 0 0 0 0 0 0 0 0 0 0 0 0 0 0 0 0 0 0 0 0 0 0 0 0 0 0 0 0 0 0 0 0 0 0 0 0 0 0 0 0 0 0 0 0 0 0 0 0 0 0 0 0 0 0 0 0 0 77 68 79 32 101 120 116 114 97 32 100 97 116 97 32 108 111 99 107 0 0 0 0 0 0 0 0 0 0 0 0 0 0 0 0 0 0 0 0 0 0 0 0 0 0 0 0 0 0 0 0 0 0 0 0 0 0 0 0 0 0 0 0 0 0 0 0 0 0 0 0 0 0 0 0 0 0 0 0 0 0 0 0 0 0 0 0 0 0 0 0 0 0 0 0 0 0 0 0 0 0 0 0 0 0 0 0 0 0 0 0 0 0 0 0 0 0 0 0 0 0 0 0 0 0 0 0 0 0 0 0 0 0 0 0 0 0 1 0 0 161 176 29 0 1 0 0 0 0 0 0 0 0 0 0 0 2 0 0 0 0 0 3 0 2 0 0 0 16 0 0 0 255 255 255 255 2 0 1 0 0 0 0 0 data 2 0x10002 0x3b614 oops 0
ciMethodData java/util/Arrays copyOf ([Ljava/lang/Object;I)[Ljava/lang/Object; 2 13516 orig 264 8 30 231 101 0 0 0 0 64 183 229 27 0 0 0 0 192 1 0 0 0 0 0 0 0 0 0 0 0 0 0 0 0 0 0 0 0 0 0 0 0 0 0 0 0 0 0 0 0 0 0 0 0 0 0 0 0 0 0 0 0 0 0 0 0 0 0 0 0 0 0 0 0 0 0 0 0 0 0 0 77 68 79 32 101 120 116 114 97 32 100 97 116 97 32 108 111 99 107 0 0 0 0 0 0 0 0 0 0 0 0 0 0 0 0 0 0 0 0 0 0 0 0 0 0 0 0 0 0 0 0 0 0 0 0 0 0 0 0 0 0 0 0 0 0 0 0 0 0 0 0 0 0 0 0 0 0 0 0 0 0 0 0 0 0 0 0 0 0 0 0 0 0 0 0 0 0 0 0 0 0 0 0 0 0 0 0 0 0 0 0 0 0 0 0 0 0 0 0 0 0 0 0 0 0 0 0 0 0 0 0 0 0 0 0 0 0 1 0 0 97 158 1 0 1 0 0 0 0 0 0 0 0 0 0 0 2 0 0 0 0 0 3 0 2 0 0 0 112 0 0 0 255 255 255 255 5 0 3 0 0 0 0 0 data 14 0x30005 0x335 0x1eecae50 0x3089 0x24417220 0xe 0x60002 0x33cc 0x90004 0x0 0x0 0x0 0x0 0x0 oops 2 2 [Ljava/lang/Object; 4 [Ljava/lang/reflect/Method;
ciMethod org/objectweb/asm/Type getObjectType (Ljava/lang/String;)Lorg/objectweb/asm/Type; 3185 1 3139 0 -1
ciMethod org/objectweb/asm/Type getMethodType (Ljava/lang/String;)Lorg/objectweb/asm/Type; 0 0 1 0 -1
ciMethodData java/util/Objects requireNonNull (Ljava/lang/Object;)Ljava/lang/Object; 2 80521 orig 264 8 30 231 101 0 0 0 0 0 217 225 27 0 0 0 0 80 1 0 0 0 0 0 0 0 0 0 0 0 0 0 0 0 0 0 0 0 0 0 0 0 0 0 0 0 0 0 0 0 0 0 0 0 0 0 0 0 0 0 0 0 0 0 0 0 0 0 0 0 0 0 0 0 0 0 0 0 0 0 0 77 68 79 32 101 120 116 114 97 32 100 97 116 97 32 108 111 99 107 0 0 0 0 0 0 0 0 0 0 0 0 0 0 0 0 0 0 0 0 0 0 0 0 0 0 0 0 0 0 0 0 0 0 0 0 0 0 0 0 0 0 0 0 0 0 0 0 0 0 0 0 0 0 0 0 0 0 0 0 0 0 0 0 0 0 0 0 0 0 0 0 0 0 0 0 0 0 0 0 0 0 0 0 0 0 0 0 0 0 0 0 0 0 0 0 0 0 0 0 0 0 0 0 0 0 0 0 0 0 0 0 0 0 0 0 0 0 1 0 0 73 204 9 0 1 0 0 0 0 0 0 0 0 0 0 0 2 0 0 0 0 0 5 0 2 0 0 0 48 0 0 0 255 255 255 255 7 0 1 0 0 0 0 0 data 6 0x10007 0x13989 0x30 0x0 0x80002 0x0 oops 0
ciMethod java/util/RandomAccessSubList <init> (Ljava/util/AbstractList;II)V 2001 1 32382 0 -1
ciMethodData java/util/Arrays asList ([Ljava/lang/Object;)Ljava/util/List; 2 63991 orig 264 8 30 231 101 0 0 0 0 64 198 229 27 0 0 0 0 48 1 0 0 0 0 0 0 0 0 0 0 0 0 0 0 0 0 0 0 0 0 0 0 0 0 0 0 0 0 0 0 0 0 0 0 0 0 0 0 0 0 0 0 0 0 0 0 0 0 0 0 0 0 0 0 0 0 0 0 0 0 0 0 77 68 79 32 101 120 116 114 97 32 100 97 116 97 32 108 111 99 107 0 0 0 0 0 0 0 0 0 0 0 0 0 0 0 0 0 0 0 0 0 0 0 0 0 0 0 0 0 0 0 0 0 0 0 0 0 0 0 0 0 0 0 0 0 0 0 0 0 0 0 0 0 0 0 0 0 0 0 0 0 0 0 0 0 0 0 0 0 0 0 0 0 0 0 0 0 0 0 0 0 0 0 0 0 0 0 0 0 0 0 0 0 0 0 0 0 0 0 0 0 0 0 0 0 0 0 0 0 0 0 0 0 0 0 0 0 3 1 0 0 161 199 7 0 1 0 0 0 0 0 0 0 0 0 0 0 2 0 0 0 0 0 7 0 2 0 0 0 16 0 0 0 255 255 255 255 2 0 5 0 0 0 0 0 data 2 0x50002 0xf8f4 oops 0
ciMethodData java/util/Arrays$ArrayList <init> ([Ljava/lang/Object;)V 2 63991 orig 264 8 30 231 101 0 0 0 0 0 98 251 27 0 0 0 0 160 1 0 0 0 0 0 0 0 0 0 0 0 0 0 0 0 0 0 0 0 0 0 0 0 0 0 0 0 0 0 0 0 0 0 0 0 0 0 0 0 0 0 0 0 0 0 0 0 0 0 0 0 0 0 0 0 0 0 0 0 0 0 0 77 68 79 32 101 120 116 114 97 32 100 97 116 97 32 108 111 99 107 0 0 0 0 0 0 0 0 0 0 0 0 0 0 0 0 0 0 0 0 0 0 0 0 0 0 0 0 0 0 0 0 0 0 0 0 0 0 0 0 0 0 0 0 0 0 0 0 0 0 0 0 0 0 0 0 0 0 0 0 0 0 0 0 0 0 0 0 0 0 0 0 0 0 0 0 0 0 0 0 0 0 0 0 0 0 0 0 0 0 0 0 0 0 0 0 0 0 0 0 0 0 0 0 0 0 0 0 0 0 0 0 0 0 0 0 0 3 1 0 0 161 199 7 0 1 0 0 0 0 0 0 0 0 0 0 0 2 0 0 0 0 0 6 0 2 0 0 0 80 0 0 0 255 255 255 255 2 0 1 0 0 0 0 0 data 10 0x10002 0xf8f4 0x60002 0xf8f4 0x90004 0x0 0x1eecae50 0x1 0x0 0x0 oops 1 6 [Ljava/lang/Object;
ciMethod org/objectweb/asm/MethodVisitor visitAttribute (Lorg/objectweb/asm/Attribute;)V 0 0 1 0 -1
ciMethod org/objectweb/asm/MethodVisitor visitFrame (II[Ljava/lang/Object;I[Ljava/lang/Object;)V 0 0 1 0 -1
ciMethod org/objectweb/asm/MethodVisitor visitInsn (I)V 289 1 38 0 -1
ciMethod org/objectweb/asm/MethodVisitor visitIntInsn (II)V 0 0 1 0 -1
ciMethod org/objectweb/asm/MethodVisitor visitVarInsn (II)V 0 0 1 0 -1
ciMethod org/objectweb/asm/MethodVisitor visitTypeInsn (ILjava/lang/String;)V 0 0 1 0 -1
ciMethod org/objectweb/asm/MethodVisitor visitFieldInsn (ILjava/lang/String;Ljava/lang/String;Ljava/lang/String;)V 0 0 1 0 -1
ciMethod org/objectweb/asm/MethodVisitor visitMethodInsn (ILjava/lang/String;Ljava/lang/String;Ljava/lang/String;Z)V 0 0 1 0 -1
ciMethod org/objectweb/asm/MethodVisitor visitInvokeDynamicInsn (Ljava/lang/String;Ljava/lang/String;Lorg/objectweb/asm/Handle;[Ljava/lang/Object;)V 0 0 1 0 -1
ciMethod org/objectweb/asm/MethodVisitor visitJumpInsn (ILorg/objectweb/asm/Label;)V 0 0 1 0 -1
ciMethod org/objectweb/asm/MethodVisitor visitLabel (Lorg/objectweb/asm/Label;)V 0 0 1 0 -1
ciMethod org/objectweb/asm/MethodVisitor visitLdcInsn (Ljava/lang/Object;)V 0 0 1 0 -1
ciMethod org/objectweb/asm/MethodVisitor visitIincInsn (II)V 0 0 1 0 -1
ciMethod org/objectweb/asm/MethodVisitor visitTableSwitchInsn (IILorg/objectweb/asm/Label;[Lorg/objectweb/asm/Label;)V 0 0 1 0 -1
ciMethod org/objectweb/asm/MethodVisitor visitLookupSwitchInsn (Lorg/objectweb/asm/Label;[I[Lorg/objectweb/asm/Label;)V 0 0 1 0 -1
ciMethod org/objectweb/asm/MethodVisitor visitMultiANewArrayInsn (Ljava/lang/String;I)V 0 0 1 0 -1
ciMethod org/objectweb/asm/MethodVisitor visitInsnAnnotation (ILorg/objectweb/asm/TypePath;Ljava/lang/String;Z)Lorg/objectweb/asm/AnnotationVisitor; 0 0 1 0 -1
ciMethod org/objectweb/asm/MethodVisitor visitTryCatchBlock (Lorg/objectweb/asm/Label;Lorg/objectweb/asm/Label;Lorg/objectweb/asm/Label;Ljava/lang/String;)V 0 0 1 0 -1
ciMethod org/objectweb/asm/MethodVisitor visitLocalVariable (Ljava/lang/String;Ljava/lang/String;Ljava/lang/String;Lorg/objectweb/asm/Label;Lorg/objectweb/asm/Label;I)V 0 0 1 0 -1
ciMethod org/objectweb/asm/MethodVisitor visitLocalVariableAnnotation (ILorg/objectweb/asm/TypePath;[Lorg/objectweb/asm/Label;[Lorg/objectweb/asm/Label;[ILjava/lang/String;Z)Lorg/objectweb/asm/AnnotationVisitor; 0 0 1 0 -1
ciMethod org/objectweb/asm/MethodVisitor visitLineNumber (ILorg/objectweb/asm/Label;)V 0 0 1 0 -1
ciMethod org/objectweb/asm/MethodVisitor visitMaxs (II)V 0 0 1 0 -1
ciMethod org/objectweb/asm/tree/MethodNode visitFrame (II[Ljava/lang/Object;I[Ljava/lang/Object;)V 16977 1 66733 0 0
ciMethod org/objectweb/asm/tree/MethodNode visitInsn (I)V 3129 1 8069 0 352
ciMethod org/objectweb/asm/tree/MethodNode visitIntInsn (II)V 3209 1 16031 0 0
ciMethod org/objectweb/asm/tree/MethodNode visitVarInsn (II)V 2801 1 7010 0 384
ciMethod org/objectweb/asm/tree/MethodNode visitTypeInsn (ILjava/lang/String;)V 16393 1 29007 0 0
ciMethod org/objectweb/asm/tree/MethodNode visitFieldInsn (ILjava/lang/String;Ljava/lang/String;Ljava/lang/String;)V 3545 1 90073 0 0
ciMethod org/objectweb/asm/tree/MethodNode visitMethodInsn (ILjava/lang/String;Ljava/lang/String;Ljava/lang/String;Z)V 2049 1 7635 0 480
ciMethod org/objectweb/asm/tree/MethodNode visitJumpInsn (ILorg/objectweb/asm/Label;)V 4097 1 71085 0 0
ciMethod org/objectweb/asm/tree/MethodNode visitLabel (Lorg/objectweb/asm/Label;)V 3753 1 9130 0 608
ciMethod org/objectweb/asm/tree/MethodNode visitLdcInsn (Ljava/lang/Object;)V 32881 1 45340 0 0
ciMethod org/objectweb/asm/tree/MethodNode visitIincInsn (II)V 2089 1 3353 0 0
ciMethod org/objectweb/asm/tree/MethodNode visitTableSwitchInsn (IILorg/objectweb/asm/Label;[Lorg/objectweb/asm/Label;)V 2809 1 270 0 0
ciMethod org/objectweb/asm/tree/MethodNode visitLookupSwitchInsn (Lorg/objectweb/asm/Label;[I[Lorg/objectweb/asm/Label;)V 2865 1 183 0 0
ciMethod org/objectweb/asm/tree/MethodNode visitTryCatchBlock (Lorg/objectweb/asm/Label;Lorg/objectweb/asm/Label;Lorg/objectweb/asm/Label;Ljava/lang/String;)V 3089 1 11146 0 0
ciMethod org/objectweb/asm/tree/MethodNode visitLocalVariable (Ljava/lang/String;Ljava/lang/String;Ljava/lang/String;Lorg/objectweb/asm/Label;Lorg/objectweb/asm/Label;I)V 3137 1 98631 0 0
ciMethod org/objectweb/asm/tree/MethodNode visitLineNumber (ILorg/objectweb/asm/Label;)V 2097 1 8556 0 896
ciMethod org/objectweb/asm/tree/MethodNode visitMaxs (II)V 4097 1 1603 0 0
ciMethod org/objectweb/asm/tree/MethodNode getLabelNode (Lorg/objectweb/asm/Label;)Lorg/objectweb/asm/tree/LabelNode; 2241 1 319948 0 352
ciMethod org/objectweb/asm/tree/MethodNode getLabelNodes ([Lorg/objectweb/asm/Label;)[Lorg/objectweb/asm/tree/LabelNode; 4801 58009 453 0 -1
ciMethod org/objectweb/asm/tree/MethodNode getLabelNodes ([Ljava/lang/Object;)[Ljava/lang/Object; 2185 12073 15189 0 736
ciMethod org/objectweb/asm/commons/JSRInlinerAdapter visitJumpInsn (ILorg/objectweb/asm/Label;)V 4097 1 21439 0 -1
ciMethod org/objectweb/asm/ClassReader a (Lorg/objectweb/asm/MethodVisitor;Lorg/objectweb/asm/Context;I)V 261249 15151081 36893 0 -1
ciMethod org/objectweb/asm/ClassReader a (Lorg/objectweb/asm/MethodVisitor;Lorg/objectweb/asm/Context;IZ)[I 0 0 1 0 -1
ciMethod org/objectweb/asm/ClassReader a (Lorg/objectweb/asm/Context;I)I 0 0 1 0 -1
ciMethod org/objectweb/asm/ClassReader a (I[CZLorg/objectweb/asm/AnnotationVisitor;)I 25 17 2759 0 -1
ciMethod org/objectweb/asm/ClassReader a (Lorg/objectweb/asm/Context;)V 0 0 1 0 -1
ciMethod org/objectweb/asm/ClassReader a (IZZLorg/objectweb/asm/Context;)I 16385 10225 47555 0 -1
ciMethod org/objectweb/asm/ClassReader a ([Ljava/lang/Object;II[C[Lorg/objectweb/asm/Label;)I 3497 1 45041 0 -1
ciMethod org/objectweb/asm/ClassReader readLabel (I[Lorg/objectweb/asm/Label;)Lorg/objectweb/asm/Label; 2353 1 138420 0 320
ciMethod org/objectweb/asm/ClassReader readByte (I)I 0 0 1 0 -1
ciMethod org/objectweb/asm/ClassReader readUnsignedShort (I)I 2225 1 1200352 0 224
ciMethod org/objectweb/asm/ClassReader readShort (I)S 2097 1 43248 0 0
ciMethod org/objectweb/asm/ClassReader readInt (I)I 2353 1 3074 0 224
ciMethod org/objectweb/asm/ClassReader readLong (I)J 105 1 819 0 -1
ciMethod org/objectweb/asm/ClassReader readUTF8 (I[C)Ljava/lang/String; 3073 1 15317 0 768
ciMethod org/objectweb/asm/ClassReader a (II[C)Ljava/lang/String; 1585 57553 23050 0 3200
ciMethod org/objectweb/asm/ClassReader readClass (I[C)Ljava/lang/String; 3585 1 114202 0 992
ciMethod org/objectweb/asm/ClassReader readConst (I[C)Ljava/lang/Object; 16641 1 51746 0 0
ciMethod org/objectweb/asm/Attribute read (Lorg/objectweb/asm/ClassReader;II[CI[Lorg/objectweb/asm/Label;)Lorg/objectweb/asm/Attribute; 0 0 1 0 -1
ciMethod org/objectweb/asm/tree/AbstractInsnNode <init> (I)V 4097 1 446575 0 64
ciMethod org/objectweb/asm/tree/LineNumberNode <init> (ILorg/objectweb/asm/tree/LabelNode;)V 2097 1 8556 0 0
ciMethod org/objectweb/asm/tree/LookupSwitchInsnNode <init> (Lorg/objectweb/asm/tree/LabelNode;[I[Lorg/objectweb/asm/tree/LabelNode;)V 2865 13329 183 0 -1
ciMethod org/objectweb/asm/tree/TableSwitchInsnNode <init> (IILorg/objectweb/asm/tree/LabelNode;[Lorg/objectweb/asm/tree/LabelNode;)V 2809 1 270 0 -1
ciMethod org/objectweb/asm/tree/IincInsnNode <init> (II)V 2137 1 3353 0 -1
ciMethod org/objectweb/asm/tree/FrameNode <init> (II[Ljava/lang/Object;I[Ljava/lang/Object;)V 16977 1 67609 0 0
ciMethod org/objectweb/asm/tree/FrameNode asList (I[Ljava/lang/Object;)Ljava/util/List; 1969 1 32234 0 0
ciMethod org/objectweb/asm/tree/LabelNode <init> ()V 737 1 87372 0 0
ciMethod org/objectweb/asm/tree/JumpInsnNode <init> (ILorg/objectweb/asm/tree/LabelNode;)V 4097 1 71085 0 -1
ciMethod org/objectweb/asm/tree/LdcInsnNode <init> (Ljava/lang/Object;)V 12961 1 42816 0 -1
ciMethod org/objectweb/asm/tree/TypeInsnNode <init> (ILjava/lang/String;)V 4497 1 27520 0 -1
ciMethod org/objectweb/asm/tree/IntInsnNode <init> (II)V 3289 1 16031 0 -1
ciMethod org/objectweb/asm/tree/InsnNode <init> (I)V 3193 1 8069 0 -1
ciMethod org/objectweb/asm/tree/FieldInsnNode <init> (ILjava/lang/String;Ljava/lang/String;Ljava/lang/String;)V 3585 1 90073 0 -1
ciMethod org/objectweb/asm/tree/MethodInsnNode <init> (ILjava/lang/String;Ljava/lang/String;Ljava/lang/String;Z)V 2049 1 7635 0 -1
ciMethod org/objectweb/asm/tree/VarInsnNode <init> (II)V 2801 1 7010 0 -1
ciMethod org/objectweb/asm/tree/InsnList getLast ()Lorg/objectweb/asm/tree/AbstractInsnNode; 2273 1 284 0 -1
ciMethod org/objectweb/asm/tree/InsnList add (Lorg/objectweb/asm/tree/AbstractInsnNode;)V 4097 1 20729 0 256
ciMethod org/objectweb/asm/Label <init> ()V 2625 1 230389 0 32
ciMethod org/objectweb/asm/tree/LocalVariableNode <init> (Ljava/lang/String;Ljava/lang/String;Ljava/lang/String;Lorg/objectweb/asm/tree/LabelNode;Lorg/objectweb/asm/tree/LabelNode;I)V 3377 1 98631 0 -1
ciMethodData org/objectweb/asm/ClassReader readUnsignedShort (I)I 2 1200352 orig 264 8 30 231 101 0 0 0 0 72 192 76 28 0 0 0 0 40 1 0 0 0 0 0 0 0 0 0 0 0 0 0 0 0 0 0 0 0 0 0 0 0 0 0 0 0 0 0 0 0 0 0 0 0 0 0 0 0 0 0 0 0 0 0 0 0 0 0 0 0 0 0 0 0 0 0 0 0 0 0 0 77 68 79 32 101 120 116 114 97 32 100 97 116 97 32 108 111 99 107 0 0 0 0 0 0 0 0 0 0 0 0 0 0 0 0 0 0 0 0 0 0 0 0 0 0 0 0 0 0 0 0 0 0 0 0 0 0 0 0 0 0 0 0 0 0 0 0 0 0 0 0 0 0 0 0 0 0 0 0 0 0 0 0 0 0 0 0 0 0 0 0 0 0 0 0 0 0 0 0 0 0 0 0 0 0 0 0 0 0 0 0 0 0 0 0 0 0 0 0 0 0 0 0 0 0 0 0 0 0 0 0 0 0 0 0 0 22 1 0 0 81 126 146 0 1 0 0 0 0 0 0 0 0 0 0 0 2 0 0 0 0 0 3 0 1 0 0 0 0 0 0 0 255 255 255 255 0 0 0 0 0 0 0 0 data 0 oops 0
ciMethod org/objectweb/asm/tree/TryCatchBlockNode <init> (Lorg/objectweb/asm/tree/LabelNode;Lorg/objectweb/asm/tree/LabelNode;Lorg/objectweb/asm/tree/LabelNode;Ljava/lang/String;)V 3089 1 11146 0 0
ciMethodData org/objectweb/asm/tree/AbstractInsnNode <init> (I)V 2 446575 orig 264 8 30 231 101 0 0 0 0 64 5 77 28 0 0 0 0 56 1 0 0 0 0 0 0 0 0 0 0 0 0 0 0 0 0 0 0 0 0 0 0 0 0 0 0 0 0 0 0 0 0 0 0 0 0 0 0 0 0 0 0 0 0 0 0 0 0 0 0 0 0 0 0 0 0 0 0 0 0 0 0 77 68 79 32 101 120 116 114 97 32 100 97 116 97 32 108 111 99 107 0 0 0 0 0 0 0 0 0 0 0 0 0 0 0 0 0 0 0 0 0 0 0 0 0 0 0 0 0 0 0 0 0 0 0 0 0 0 0 0 0 0 0 0 0 0 0 0 0 0 0 0 0 0 0 0 0 0 0 0 0 0 0 0 0 0 0 0 0 0 0 0 0 0 0 0 0 0 0 0 0 0 0 0 0 0 0 0 0 0 0 0 0 0 0 0 0 0 0 0 0 0 0 0 0 0 0 0 0 0 0 0 0 0 0 0 0 0 2 0 0 121 115 54 0 1 0 0 0 0 0 0 0 0 0 0 0 2 0 0 0 0 0 3 0 2 0 0 0 16 0 0 0 255 255 255 255 2 0 1 0 0 0 0 0 data 2 0x10002 0x6ce6f oops 0
ciMethodData org/objectweb/asm/tree/InsnList add (Lorg/objectweb/asm/tree/AbstractInsnNode;)V 2 20729 orig 264 8 30 231 101 0 0 0 0 184 136 77 28 0 0 0 0 96 1 0 0 0 0 0 0 0 0 0 0 0 0 0 0 0 0 0 0 0 0 0 0 0 0 0 0 0 0 0 0 0 0 0 0 0 0 0 0 0 0 0 0 0 0 0 0 0 0 0 0 0 0 0 0 0 0 0 0 0 0 0 0 77 68 79 32 101 120 116 114 97 32 100 97 116 97 32 108 111 99 107 0 0 0 0 0 0 0 0 0 0 0 0 0 0 0 0 0 0 0 0 0 0 0 0 0 0 0 0 0 0 0 0 0 0 0 0 0 0 0 0 0 0 0 0 0 0 0 0 0 0 0 0 0 0 0 0 0 0 0 0 0 0 0 0 0 0 0 0 0 0 0 0 0 0 0 0 0 0 0 0 0 0 0 0 0 0 0 0 0 0 0 0 0 0 0 0 0 0 0 0 0 0 0 0 0 0 0 0 0 0 0 0 0 0 0 0 0 0 2 0 0 201 119 2 0 1 0 0 0 0 0 0 0 0 0 0 0 2 0 0 0 0 0 6 0 2 0 0 0 56 0 0 0 255 255 255 255 7 0 14 0 0 0 0 0 data 7 0xe0007 0x4d20 0x38 0x1d9 0x1b0003 0x1d9 0x18 oops 0
ciMethodData org/objectweb/asm/tree/MethodNode getLabelNode (Lorg/objectweb/asm/Label;)Lorg/objectweb/asm/tree/LabelNode; 2 319948 orig 264 8 30 231 101 0 0 0 0 56 33 76 28 0 0 0 0 224 1 0 0 80 0 0 0 0 0 0 0 0 0 0 0 0 0 0 0 0 0 0 0 0 0 0 0 0 0 0 0 0 0 0 0 0 0 0 0 0 0 0 0 0 0 0 0 0 0 0 0 0 0 0 0 0 0 0 0 0 0 0 0 77 68 79 32 101 120 116 114 97 32 100 97 116 97 32 108 111 99 107 0 0 0 0 0 0 0 0 0 0 0 0 0 0 0 0 0 0 0 0 0 0 0 0 0 0 0 0 0 0 0 0 0 0 0 0 0 0 0 0 0 0 0 0 0 0 0 0 0 0 0 0 0 0 0 0 0 0 0 0 0 0 0 0 0 0 0 0 0 0 0 0 0 0 0 0 0 0 0 0 0 0 0 0 0 0 0 0 0 0 0 0 0 0 0 0 0 0 0 0 0 0 0 0 0 0 0 0 0 0 0 0 0 0 0 0 0 24 1 0 0 161 5 39 0 1 0 0 0 0 0 0 0 0 0 0 0 2 0 0 0 0 0 6 0 2 0 0 0 144 0 0 0 255 255 255 255 4 1 4 0 0 0 0 0 data 18 0x40104 0x0 0x243658f0 0x38bc4 0x0 0x0 0x70007 0x38bc4 0x30 0x154f0 0xf0002 0x154f0 0x190004 0x0 0x243658f0 0x4e0b4 0x0 0x0 oops 2 2 org/objectweb/asm/tree/LabelNode 14 org/objectweb/asm/tree/LabelNode
ciMethodData org/objectweb/asm/tree/LabelNode <init> ()V 2 87372 orig 264 8 30 231 101 0 0 0 0 40 64 77 28 0 0 0 0 48 1 0 0 0 0 0 0 0 0 0 0 0 0 0 0 0 0 0 0 0 0 0 0 0 0 0 0 0 0 0 0 0 0 0 0 0 0 0 0 0 0 0 0 0 0 0 0 0 0 0 0 0 0 0 0 0 0 0 0 0 0 0 0 77 68 79 32 101 120 116 114 97 32 100 97 116 97 32 108 111 99 107 0 0 0 0 0 0 0 0 0 0 0 0 0 0 0 0 0 0 0 0 0 0 0 0 0 0 0 0 0 0 0 0 0 0 0 0 0 0 0 0 0 0 0 0 0 0 0 0 0 0 0 0 0 0 0 0 0 0 0 0 0 0 0 0 0 0 0 0 0 0 0 0 0 0 0 0 0 0 0 0 0 0 0 0 0 0 0 0 0 0 0 0 0 0 0 0 0 0 0 0 0 0 0 0 0 0 0 0 0 0 0 0 0 0 0 0 0 92 0 0 0 129 167 10 0 1 0 0 0 0 0 0 0 0 0 0 0 2 0 0 0 0 0 0 0 0 0 0 0 16 0 0 0 255 255 255 255 2 0 2 0 0 0 0 0 data 2 0x20002 0x154f0 oops 0
ciMethodData org/objectweb/asm/ClassReader readUTF8 (I[C)Ljava/lang/String; 2 15317 orig 264 8 30 231 101 0 0 0 0 32 195 76 28 0 0 0 0 88 2 0 0 112 0 0 0 0 0 0 0 0 0 0 0 0 0 0 0 0 0 0 0 0 0 0 0 0 0 0 0 0 0 0 0 0 0 0 0 0 0 0 0 0 0 0 0 0 0 0 0 0 0 0 0 0 0 0 0 0 0 0 0 77 68 79 32 101 120 116 114 97 32 100 97 116 97 32 108 111 99 107 0 0 0 0 0 0 0 0 0 0 0 0 0 0 0 0 0 0 0 0 0 0 0 0 0 0 0 0 0 0 0 0 0 0 0 0 0 0 0 0 0 0 0 0 0 0 0 0 0 0 0 0 0 0 0 0 0 0 0 0 0 0 0 0 0 0 0 0 0 0 0 0 0 0 0 0 0 0 0 0 0 0 0 0 0 0 0 0 0 0 0 0 0 0 0 0 0 0 0 0 0 0 0 0 0 0 0 0 0 0 0 0 0 0 0 0 0 128 1 0 0 169 210 1 0 1 0 0 0 0 0 0 0 0 0 0 0 2 0 0 0 0 0 10 0 2 0 0 0 0 1 0 0 255 255 255 255 5 0 2 0 0 0 0 0 data 32 0x20005 0x0 0x2379d810 0x3a55 0x0 0x0 0x70007 0x50 0x40 0x3a05 0xb0007 0x39f4 0x20 0x11 0x1a0007 0xddd 0x20 0x2c17 0x320005 0x0 0x2379d810 0xddd 0x0 0x0 0x360002 0xddd 0x3a0004 0x0 0x1c708bc0 0xddd 0x0 0x0 oops 3 2 org/objectweb/asm/ClassReader 20 org/objectweb/asm/ClassReader 28 java/lang/String
ciMethodData org/objectweb/asm/Label <init> ()V 2 230389 orig 264 8 30 231 101 0 0 0 0 152 26 78 28 0 0 0 0 48 1 0 0 0 0 0 0 0 0 0 0 0 0 0 0 0 0 0 0 0 0 0 0 0 0 0 0 0 0 0 0 0 0 0 0 0 0 0 0 0 0 0 0 0 0 0 0 0 0 0 0 0 0 0 0 0 0 0 0 0 0 0 0 77 68 79 32 101 120 116 114 97 32 100 97 116 97 32 108 111 99 107 0 0 0 0 0 0 0 0 0 0 0 0 0 0 0 0 0 0 0 0 0 0 0 0 0 0 0 0 0 0 0 0 0 0 0 0 0 0 0 0 0 0 0 0 0 0 0 0 0 0 0 0 0 0 0 0 0 0 0 0 0 0 0 0 0 0 0 0 0 0 0 0 0 0 0 0 0 0 0 0 0 0 0 0 0 0 0 0 0 0 0 0 0 0 0 0 0 0 0 0 0 0 0 0 0 0 0 0 0 0 0 0 0 0 0 0 0 72 1 0 0 105 21 28 0 1 0 0 0 0 0 0 0 0 0 0 0 2 0 0 0 0 0 3 0 2 0 0 0 16 0 0 0 255 255 255 255 2 0 1 0 0 0 0 0 data 2 0x10002 0x382ad oops 0
ciMethodData org/objectweb/asm/tree/MethodNode visitLineNumber (ILorg/objectweb/asm/Label;)V 2 8556 orig 264 8 30 231 101 0 0 0 0 104 31 76 28 0 0 0 0 200 1 0 0 0 0 0 0 0 0 0 0 0 0 0 0 0 0 0 0 0 0 0 0 0 0 0 0 0 0 0 0 0 0 0 0 0 0 0 0 0 0 0 0 0 0 0 0 0 0 0 0 0 0 0 0 0 0 0 0 0 0 0 0 77 68 79 32 101 120 116 114 97 32 100 97 116 97 32 108 111 99 107 0 0 0 0 0 0 0 0 0 0 0 0 0 0 0 0 0 0 0 0 0 0 0 0 0 0 0 0 0 0 0 0 0 0 0 0 0 0 0 0 0 0 0 0 0 0 0 0 0 0 0 0 0 0 0 0 0 0 0 0 0 0 0 0 0 0 0 0 0 0 0 0 0 0 0 0 0 0 0 0 0 0 0 0 0 0 0 0 0 0 0 0 0 0 0 0 0 0 0 0 0 0 0 0 0 0 0 0 0 0 0 0 0 0 0 0 0 5 1 0 0 49 3 1 0 1 0 0 0 0 0 0 0 0 0 0 0 2 0 0 0 0 0 7 0 2 0 0 0 112 0 0 0 255 255 255 255 5 0 11 0 0 0 0 0 data 14 0xb0005 0x0 0x237a0ef0 0x166e 0x237a0fa0 0x9f8 0xe0002 0x2066 0x110005 0x0 0x1ebc55e0 0x2066 0x0 0x0 oops 3 2 org/objectweb/asm/tree/MethodNode 4 org/objectweb/asm/commons/JSRInlinerAdapter 10 org/objectweb/asm/tree/InsnList
ciMethodData org/objectweb/asm/tree/LineNumberNode <init> (ILorg/objectweb/asm/tree/LabelNode;)V 2 8556 orig 264 8 30 231 101 0 0 0 0 40 15 77 28 0 0 0 0 64 1 0 0 0 0 0 0 0 0 0 0 0 0 0 0 0 0 0 0 0 0 0 0 0 0 0 0 0 0 0 0 0 0 0 0 0 0 0 0 0 0 0 0 0 0 0 0 0 0 0 0 0 0 0 0 0 0 0 0 0 0 0 0 77 68 79 32 101 120 116 114 97 32 100 97 116 97 32 108 111 99 107 0 0 0 0 0 0 0 0 0 0 0 0 0 0 0 0 0 0 0 0 0 0 0 0 0 0 0 0 0 0 0 0 0 0 0 0 0 0 0 0 0 0 0 0 0 0 0 0 0 0 0 0 0 0 0 0 0 0 0 0 0 0 0 0 0 0 0 0 0 0 0 0 0 0 0 0 0 0 0 0 0 0 0 0 0 0 0 0 0 0 0 0 0 0 0 0 0 0 0 0 0 0 0 0 0 0 0 0 0 0 0 0 0 0 0 0 0 6 1 0 0 49 3 1 0 1 0 0 0 0 0 0 0 0 0 0 0 2 0 0 0 0 0 3 0 2 0 0 0 16 0 0 0 255 255 255 255 2 0 2 0 0 0 0 0 data 2 0x20002 0x2066 oops 0
ciMethodData org/objectweb/asm/ClassReader readInt (I)I 2 3074 orig 264 8 30 231 101 0 0 0 0 176 193 76 28 0 0 0 0 40 1 0 0 0 0 0 0 0 0 0 0 0 0 0 0 0 0 0 0 0 0 0 0 0 0 0 0 0 0 0 0 0 0 0 0 0 0 0 0 0 0 0 0 0 0 0 0 0 0 0 0 0 0 0 0 0 0 0 0 0 0 0 0 77 68 79 32 101 120 116 114 97 32 100 97 116 97 32 108 111 99 107 0 0 0 0 0 0 0 0 0 0 0 0 0 0 0 0 0 0 0 0 0 0 0 0 0 0 0 0 0 0 0 0 0 0 0 0 0 0 0 0 0 0 0 0 0 0 0 0 0 0 0 0 0 0 0 0 0 0 0 0 0 0 0 0 0 0 0 0 0 0 0 0 0 0 0 0 0 0 0 0 0 0 0 0 0 0 0 0 0 0 0 0 0 0 0 0 0 0 0 0 0 0 0 0 0 0 0 0 0 0 0 0 0 0 0 0 0 37 1 0 0 225 86 0 0 1 0 0 0 0 0 0 0 0 0 0 0 2 0 0 0 0 0 3 0 1 0 0 0 0 0 0 0 255 255 255 255 0 0 0 0 0 0 0 0 data 0 oops 0
ciMethodData org/objectweb/asm/ClassReader readLabel (I[Lorg/objectweb/asm/Label;)Lorg/objectweb/asm/Label; 2 138420 orig 264 8 30 231 101 0 0 0 0 120 187 76 28 0 0 0 0 184 1 0 0 0 0 0 0 0 0 0 0 0 0 0 0 0 0 0 0 0 0 0 0 0 0 0 0 0 0 0 0 0 0 0 0 0 0 0 0 0 0 0 0 0 0 0 0 0 0 0 0 0 0 0 0 0 0 0 0 0 0 0 0 77 68 79 32 101 120 116 114 97 32 100 97 116 97 32 108 111 99 107 0 0 0 0 0 0 0 0 0 0 0 0 0 0 0 0 0 0 0 0 0 0 0 0 0 0 0 0 0 0 0 0 0 0 0 0 0 0 0 0 0 0 0 0 0 0 0 0 0 0 0 0 0 0 0 0 0 0 0 0 0 0 0 0 0 0 0 0 0 0 0 0 0 0 0 0 0 0 0 0 0 0 0 0 0 0 0 0 0 0 0 0 0 0 0 0 0 0 0 0 0 0 0 0 0 0 0 0 0 0 0 0 0 0 0 0 0 37 1 0 0 113 220 16 0 1 0 0 0 0 0 0 0 0 0 0 0 2 0 0 0 0 0 6 0 2 0 0 0 96 0 0 0 255 255 255 255 7 0 3 0 0 0 0 0 data 12 0x30007 0xc65a 0x60 0x15534 0xc0002 0x15534 0xf0004 0x0 0x237a1050 0x15534 0x0 0x0 oops 1 8 org/objectweb/asm/Label
ciMethodData org/objectweb/asm/tree/MethodNode visitLabel (Lorg/objectweb/asm/Label;)V 2 9130 orig 264 8 30 231 101 0 0 0 0 88 23 76 28 0 0 0 0 176 1 0 0 0 0 0 0 0 0 0 0 0 0 0 0 0 0 0 0 0 0 0 0 0 0 0 0 0 0 0 0 0 0 0 0 0 0 0 0 0 0 0 0 0 0 0 0 0 0 0 0 0 0 0 0 0 0 0 0 0 0 0 0 77 68 79 32 101 120 116 114 97 32 100 97 116 97 32 108 111 99 107 0 0 0 0 0 0 0 0 0 0 0 0 0 0 0 0 0 0 0 0 0 0 0 0 0 0 0 0 0 0 0 0 0 0 0 0 0 0 0 0 0 0 0 0 0 0 0 0 0 0 0 0 0 0 0 0 0 0 0 0 0 0 0 0 0 0 0 0 0 0 0 0 0 0 0 0 0 0 0 0 0 0 0 0 0 0 0 0 0 0 0 0 0 0 0 0 0 0 0 0 0 0 0 0 0 0 0 0 0 0 0 0 0 0 0 0 0 213 1 0 0 169 14 1 0 1 0 0 0 0 0 0 0 0 0 0 0 2 0 0 0 0 0 7 0 2 0 0 0 96 0 0 0 255 255 255 255 5 0 6 0 0 0 0 0 data 12 0x60005 0x0 0x237a0ef0 0x17c5 0x237a0fa0 0xa10 0x90005 0x0 0x1ebc55e0 0x21d5 0x0 0x0 oops 3 2 org/objectweb/asm/tree/MethodNode 4 org/objectweb/asm/commons/JSRInlinerAdapter 8 org/objectweb/asm/tree/InsnList
ciMethodData org/objectweb/asm/ClassReader readShort (I)S 2 43248 orig 264 8 30 231 101 0 0 0 0 240 192 76 28 0 0 0 0 40 1 0 0 0 0 0 0 0 0 0 0 0 0 0 0 0 0 0 0 0 0 0 0 0 0 0 0 0 0 0 0 0 0 0 0 0 0 0 0 0 0 0 0 0 0 0 0 0 0 0 0 0 0 0 0 0 0 0 0 0 0 0 0 77 68 79 32 101 120 116 114 97 32 100 97 116 97 32 108 111 99 107 0 0 0 0 0 0 0 0 0 0 0 0 0 0 0 0 0 0 0 0 0 0 0 0 0 0 0 0 0 0 0 0 0 0 0 0 0 0 0 0 0 0 0 0 0 0 0 0 0 0 0 0 0 0 0 0 0 0 0 0 0 0 0 0 0 0 0 0 0 0 0 0 0 0 0 0 0 0 0 0 0 0 0 0 0 0 0 0 0 0 0 0 0 0 0 0 0 0 0 0 0 0 0 0 0 0 0 0 0 0 0 0 0 0 0 0 0 6 1 0 0 81 63 5 0 1 0 0 0 0 0 0 0 0 0 0 0 2 0 0 0 0 0 3 0 1 0 0 0 0 0 0 0 255 255 255 255 0 0 0 0 0 0 0 0 data 0 oops 0
ciMethodData org/objectweb/asm/tree/MethodNode getLabelNodes ([Ljava/lang/Object;)[Ljava/lang/Object; 2 69063 orig 264 8 30 231 101 0 0 0 0 160 34 76 28 0 0 0 0 104 2 0 0 80 0 0 0 0 0 0 0 0 0 0 0 0 0 0 0 0 0 0 0 0 0 0 0 0 0 0 0 0 0 0 0 0 0 0 0 0 0 0 0 0 0 0 0 0 0 0 0 0 0 0 0 0 0 0 0 0 0 0 0 77 68 79 32 101 120 116 114 97 32 100 97 116 97 32 108 111 99 107 0 0 0 0 0 0 0 0 0 0 0 0 0 0 0 0 0 0 0 0 0 0 0 0 0 0 0 0 0 0 0 0 0 0 0 0 0 0 0 0 0 0 0 0 0 1 0 0 0 0 0 0 0 0 0 0 0 0 0 0 0 0 0 0 0 0 0 0 0 0 0 0 0 0 0 0 0 0 0 0 1 0 0 0 0 0 0 0 0 0 0 0 0 0 0 0 0 0 0 0 0 0 0 0 0 0 0 0 0 0 0 0 0 0 0 0 0 229 5 0 0 33 210 1 0 17 63 8 0 196 15 0 0 134 65 0 0 2 0 0 0 1 0 13 0 2 0 0 0 24 1 0 0 255 255 255 255 7 0 11 0 0 0 0 0 data 35 0xb0007 0x3a45 0x118 0x107e1 0x150104 0xffffffffffffa51f 0x1c708bc0 0x152 0x1c6fc160 0x4c 0x18e007 0x107b8 0x80 0x2a 0x1e0004 0x0 0x237a1050 0x2a 0x0 0x0 0x210005 0x0 0x237a0fa0 0x22 0x237a0ef0 0x8 0x2a0104 0x0 0x1c708bc0 0x235a 0x1c6fc160 0x3787 0x2e0003 0x107e2 0xffffffffffffff00 oops 7 6 java/lang/String 8 java/lang/Integer 16 org/objectweb/asm/Label 22 org/objectweb/asm/commons/JSRInlinerAdapter 24 org/objectweb/asm/tree/MethodNode 28 java/lang/String 30 java/lang/Integer
ciMethodData org/objectweb/asm/ClassReader a (Lorg/objectweb/asm/MethodVisitor;Lorg/objectweb/asm/Context;I)V 2 1908456 orig 264 8 30 231 101 0 0 0 0 240 165 76 28 0 0 0 0 192 50 0 0 176 41 0 0 0 0 0 0 0 0 0 0 0 0 0 0 0 0 0 0 0 0 0 0 0 0 0 0 0 0 0 0 0 0 0 0 0 0 0 0 0 0 0 0 0 0 0 0 0 0 0 0 0 0 0 0 0 0 0 0 77 68 79 32 101 120 116 114 97 32 100 97 116 97 32 108 111 99 107 0 0 0 0 0 0 0 0 0 0 0 0 0 0 0 0 0 0 0 0 0 0 0 0 0 0 0 0 0 0 0 0 0 0 0 0 0 0 0 0 0 0 0 0 0 1 0 0 0 0 0 0 0 0 0 0 0 0 0 0 0 0 0 0 0 3 0 0 0 0 0 0 0 0 0 0 0 0 0 0 0 0 0 0 0 0 0 0 0 0 0 0 0 0 0 0 0 0 0 0 0 0 0 0 0 0 0 0 0 0 0 0 0 0 0 0 0 49 50 0 0 249 178 1 0 129 221 89 0 194 51 0 0 86 135 10 0 2 0 0 0 22 0 45 1 2 0 0 0 144 48 0 0 255 255 255 255 5 0 14 0 0 0 0 0 data 1554 0xe0005 0x0 0x2379d810 0x365f 0x0 0x0 0x170005 0x0 0x2379d810 0x365f 0x0 0x0 0x200005 0x0 0x2379d810 0x365f 0x0 0x0 0x460005 0x0 0x2379d810 0x365f 0x0 0x0 0x4d0007 0x365f 0x5c8 0x3f230 0x660008 0x26 0x0 0x590 0xa24 0x140 0x69 0x548 0x1f 0x560 0x19c 0x548 0x1396 0x140 0x1cc 0x560 0x1899 0x560 0xc6 0x578 0x0 0x578 0x422 0x158 0x0 0x1d0 0x44e 0x548 0x1d 0x560 0x10 0x560 0x3 0x298 0x1 0x408 0x0 0x590 0x0 0x248 0xbf0003 0x1fb44 0x450 0xc90005 0x0 0x2379d810 0x4a48 0x0 0x0 0xcf0005 0x0 0x2379d810 0x4a48 0x0 0x0 0xd60003 0x4a48 0x3d8 0xe00005 0x0 0x0 0x0 0x0 0x0 0xe60005 0x0 0x0 0x0 0x0 0x0 0xed0003 0x0 0x360 0x1010007 0x0 0x38 0x0 0x1070003 0x0 0x328 0x10d0003 0x0 0x310 0x11e0005 0x0 0x2379d810 0x32 0x0 0x0 0x1240005 0x0 0x2379d810 0x32 0x0 0x0 0x12d0005 0x0 0x2379d810 0x32 0x0 0x0 0x1340005 0x0 0x2379d810 0x32 0x0 0x0 0x13e0007 0x32 0x98 0x1c9 0x1490005 0x0 0x2379d810 0x1c9 0x0 0x0 0x14f0005 0x0 0x2379d810 0x1c9 0x0 0x0 0x1590003 0x1c9 0xffffffffffffff80 0x15f0003 0x32 0x1a0 0x1700005 0x0 0x2379d810 0x2c 0x0 0x0 0x1760005 0x0 0x2379d810 0x2c 0x0 0x0 0x17e0005 0x0 0x2379d810 0x2c 0x0 0x0 0x1850007 0x2c 0x98 0xa0 0x1900005 0x0 0x2379d810 0xa0 0x0 0x0 0x1960005 0x0 0x2379d810 0xa0 0x0 0x0 0x1a00003 0xa0 0xffffffffffffff80 0x1a60003 0x2c 0x60 0x1ac0003 0x6d7b 0x48 0x1b20003 0x135e7 0x30 0x1b80003 0x8e4 0x18 0x1be0003 0x3f232 0xfffffffffffffa50 0x1c30005 0x0 0x2379d810 0x365f 0x0 0x0 0x1ca0007 0x365f 0x1e8 0x5ce 0x1d20005 0x0 0x2379d810 0x5ce 0x0 0x0 0x1d70005 0x0 0x2379d810 0x5ce 0x0 0x0 0x1e10005 0x0 0x2379d810 0x5ce 0x0 0x0 0x1e60005 0x0 0x2379d810 0x5ce 0x0 0x0 0x1f10005 0x0 0x2379d810 0x5ce 0x0 0x0 0x1f60005 0x0 0x2379d810 0x5ce 0x0 0x0 0x2050005 0x0 0x2379d810 0x5ce 0x0 0x0 0x20b0005 0x0 0x2379d810 0x5ce 0x0 0x0 0x2190005 0x0 0x237a0ef0 0x33a 0x237a0fa0 0x294 0x2220003 0x5ce 0xfffffffffffffe30 0x24a0007 0x365f 0x38 0x0 0x24e0003 0x0 0x18 0x2650005 0x0 0x2379d810 0x365f 0x0 0x0 0x26c0007 0x3665 0x9c8 0x6825 0x2750005 0x0 0x2379d810 0x6825 0x0 0x0 0x27f0005 0x57f 0x1c708bc0 0x62a6 0x0 0x0 0x2820007 0x4b65 0x1c0 0x1cc0 0x28b0007 0x0 0x8e0 0x1cc0 0x2990005 0x0 0x2379d810 0x1cc0 0x0 0x0 0x2a30007 0x1cc0 0x138 0x4ac1 0x2ac0005 0x0 0x2379d810 0x4ac1 0x0 0x0 0x2b60007 0x40d6 0x50 0x9eb 0x2be0005 0x0 0x2379d810 0x9eb 0x0 0x0 0x2d20005 0x0 0x2379d810 0x4ac1 0x0 0x0 0x2dd0007 0x2dd6 0x50 0x1ceb 0x2e50005 0x0 0x2379d810 0x1ceb 0x0 0x0 0x2f70003 0x4ac1 0xfffffffffffffee0 0x2fa0003 0x1cc0 0x758 0x3020005 0x3b3 0x1c708bc0 0x47b2 0x0 0x0 0x3050007 0x49ab 0x38 0x1ba 0x30e0003 0x1ba 0x6f0 0x3160005 0x3b3 0x1c708bc0 0x45f8 0x0 0x0 0x3190007 0x1394 0x170 0x3617 0x3220007 0x0 0x688 0x3617 0x32a0005 0x0 0x2379d810 0x3617 0x0 0x0 0x3340007 0x361d 0xe8 0xe468 0x33d0005 0x0 0x2379d810 0xe468 0x0 0x0 0x3470007 0x3e3a 0x50 0xa62e 0x34f0005 0x0 0x2379d810 0xa62e 0x0 0x0 0x3660005 0x0 0x2379d810 0xe468 0x0 0x0 0x3720003 0xe46e 0xffffffffffffff30 0x3750003 0x361d 0x550 0x37d0005 0x121 0x1c708bc0 0x1273 0x0 0x0 0x3800007 0x1394 0x100 0x0 0x38b0002 0x0 0x3930007 0x0 0x70 0x0 0x39b0005 0x0 0x0 0x0 0x0 0x0 0x3a00007 0x0 0x38 0x0 0x3a40003 0x0 0x48 0x3ae0005 0x0 0x0 0x0 0x0 0x0 0x3b30003 0x0 0x420 0x3bb0005 0x121 0x1c708bc0 0x1273 0x0 0x0 0x3be0007 0x1394 0x100 0x0 0x3c90002 0x0 0x3d10007 0x0 0x70 0x0 0x3d90005 0x0 0x0 0x0 0x0 0x0 0x3de0007 0x0 0x38 0x0 0x3e20003 0x0 0x48 0x3ec0005 0x0 0x0 0x0 0x0 0x0 0x3f10003 0x0 0x2f0 0x3f90005 0x121 0x1c708bc0 0x1273 0x0 0x0 0x3fc0007 0x0 0xb8 0x1394 0x4050007 0x0 0x288 0x1394 0x4120005 0x0 0x2379d810 0x1394 0x0 0x0 0x41c0005 0x0 0x2379d810 0x1394 0x0 0x0 0x4210003 0x1394 0x208 0x4290005 0x0 0x0 0x0 0x0 0x0 0x42c0007 0x0 0xb8 0x0 0x4350007 0x0 0x1a0 0x0 0x4450005 0x0 0x0 0x0 0x0 0x0 0x44f0005 0x0 0x0 0x0 0x0 0x0 0x4540003 0x0 0x120 0x4610007 0x0 0x108 0x0 0x4700005 0x0 0x0 0x0 0x0 0x0 0x4730007 0x0 0xa0 0x0 0x4860005 0x0 0x0 0x0 0x0 0x0 0x4920005 0x0 0x0 0x0 0x0 0x0 0x4990007 0x0 0x20 0x0 0x4aa0003 0x0 0xffffffffffffff10 0x4b40005 0x0 0x2379d810 0x682b 0x0 0x0 0x4bd0003 0x682b 0xfffffffffffff650 0x4c50007 0x22d1 0x168 0x1394 0x4ff0007 0x1394 0x30 0x0 0x5040002 0x0 0x5140007 0x1394 0x118 0xfc92 0x51e0007 0xfac9 0xe0 0x1c9 0x5260005 0x0 0x2379d810 0x1c9 0x0 0x0 0x52d0007 0x0 0x90 0x1c9 0x5340007 0x187 0x70 0x42 0x5460007 0x2e 0x50 0x14 0x54e0005 0x0 0x2379d810 0x14 0x0 0x0 0x5550003 0xfc92 0xffffffffffffff00 0x55e0007 0x3687 0x1590 0x3f6d4 0x5700007 0x2f85d 0xc0 0xfe77 0x5760005 0x0 0x237a0ef0 0x97e2 0x237a0fa0 0x6695 0x57f0007 0x0 0x70 0xfe77 0x5870007 0x18e4 0x50 0xe593 0x5920005 0x0 0x237a0ef0 0x88f3 0x237a0fa0 0x5ca0 0x5970007 0x18bb2 0x198 0x2c3fa 0x5a10007 0x4544 0x40 0x27eb6 0x5aa0007 0x26b22 0x158 0x1394 0x5b30007 0x1394 0xd8 0x4544 0x5b80007 0x0 0x40 0x4544 0x5bd0007 0x4544 0x68 0x0 0x5d60005 0x0 0x0 0x0 0x0 0x0 0x5d90003 0x0 0x48 0x5f60005 0x0 0x237a0ef0 0x29b4 0x237a0fa0 0x1b90 0x5fb0007 0x13a9 0x48 0x452f 0x6070002 0x452f 0x60f0003 0x452f 0xfffffffffffffe98 0x6150003 0x13a9 0xfffffffffffffe80 0x6280008 0x26 0x0 0xf00 0xac1 0x140 0x76 0x790 0x24 0x7d8 0x28f 0x748 0x1449 0x188 0x1b3 0xe40 0x1789 0x970 0xbe 0x970 0x0 0xb80 0x4a5 0x238 0x0 0x2b0 0x3a4 0x850 0x2b 0x8c8 0x1e 0xeb8 0x4 0x468 0x1 0x5d8 0x0 0xf00 0x0 0x328 0x6830005 0x0 0x237a0ef0 0x75cb 0x237a0fa0 0x7eaa 0x6890003 0xf475 0xdf0 0x6900007 0xf4b9 0x68 0x142c 0x6a20005 0x0 0x237a0ef0 0xb03 0x237a0fa0 0x929 0x6a50003 0x142c 0x48 0x6b70005 0x0 0x237a0ef0 0x8e40 0x237a0fa0 0x6679 0x6bd0003 0x108e5 0xd40 0x6cb0005 0x0 0x2379d810 0x4ae6 0x0 0x0 0x6d00005 0x0 0x237a0ef0 0x2c71 0x237a0fa0 0x1e75 0x6d60003 0x4ae6 0xcc8 0x6e70005 0x0 0x0 0x0 0x0 0x0 0x6ec0005 0x0 0x0 0x0 0x0 0x0 0x6f20003 0x0 0xc50 0x7060007 0x0 0xc8 0x0 0x70e0005 0x0 0x0 0x0 0x0 0x0 0x7150005 0x0 0x0 0x0 0x0 0x0 0x7180005 0x0 0x0 0x0 0x0 0x0 0x71e0003 0x0 0xb88 0x7280005 0x0 0x0 0x0 0x0 0x0 0x72b0005 0x0 0x0 0x0 0x0 0x0 0x7310003 0x0 0xb10 0x7410005 0x0 0x2379d810 0x33 0x0 0x0 0x74b0005 0x0 0x2379d810 0x33 0x0 0x0 0x7550005 0x0 0x2379d810 0x33 0x0 0x0 0x7710007 0x33 0x98 0x1ce 0x77e0005 0x0 0x2379d810 0x1ce 0x0 0x0 0x7830004 0x0 0x237a1050 0x1ce 0x0 0x0 0x78a0003 0x1ce 0xffffffffffffff80 0x7990005 0x0 0x237a0fa0 0x2d 0x237a0ef0 0x6 0x79c0003 0x33 0x9a0 0x7ac0005 0x0 0x2379d810 0x2c 0x0 0x0 0x7b60005 0x0 0x2379d810 0x2c 0x0 0x0 0x7d20007 0x2c 0xc8 0xa0 0x7db0005 0x0 0x2379d810 0xa0 0x0 0x0 0x7eb0005 0x0 0x2379d810 0xa0 0x0 0x0 0x7f00004 0x0 0x237a1050 0xa0 0x0 0x0 0x7f70003 0xa0 0xffffffffffffff50 0x8040005 0x0 0x237a0fa0 0x2c 0x0 0x0 0x8070003 0x2c 0x830 0x8170005 0x0 0x237a0ef0 0x2333 0x237a0fa0 0x1db4 0x81d0003 0x40e7 0x7e8 0x8294005 0x0 0x237a0fa0 0xd9d 0x237a0ef0 0x9f 0x82f0003 0xe3c 0x7a0 0x8390005 0x0 0x2379d810 0x34b 0x0 0x0 0x83c0005 0x0 0x237a0fa0 0x321 0x237a0ef0 0x2a 0x8420003 0x34b 0x728 0x8530005 0x0 0x2379d810 0x1f32 0x0 0x0 0x8560005 0x0 0x237a0ef0 0x1121 0x237a0fa0 0xe12 0x85c0003 0x1f33 0x6b0 0x8650005 0x0 0x2379d810 0x1643 0x0 0x0 0x86a0005 0x0 0x2379d810 0x1643 0x0 0x0 0x86d0005 0x0 0x237a0fa0 0x1593 0x237a0ef0 0xb0 0x8730003 0x1643 0x608 0x87e0005 0x0 0x2379d810 0x10270 0x0 0x0 0x88d0007 0xf97c 0x38 0x8f4 0x8910003 0x8f4 0x18 0x89c0005 0x0 0x2379d810 0x10270 0x0 0x0 0x8aa0005 0x0 0x2379d810 0x10270 0x0 0x0 0x8b50005 0x0 0x2379d810 0x10270 0x0 0x0 0x8c10005 0x0 0x2379d810 0x10270 0x0 0x0 0x8cb0007 0x9e0f 0x68 0x6461 0x8d70005 0x0 0x237a0ef0 0x32bc 0x237a0fa0 0x31a5 0x8da0003 0x6461 0x48 0x8e80005 0x0 0x237a0ef0 0x5d2a 0x237a0fa0 0x40e5 0x8f00007 0xf97c 0x38 0x8f4 0x8f60003 0x8f4 0x410 0x8fc0003 0xf97c 0x3f8 0x9070005 0x0 0x0 0x0 0x0 0x0 0x9140005 0x0 0x0 0x0 0x0 0x0 0x91e0005 0x0 0x0 0x0 0x0 0x0 0x9230005 0x0 0x0 0x0 0x0 0x0 0x9260004 0x0 0x0 0x0 0x0 0x0 0x9300005 0x0 0x0 0x0 0x0 0x0 0x9460007 0x0 0xc8 0x0 0x9510005 0x0 0x0 0x0 0x0 0x0 0x9560005 0x0 0x0 0x0 0x0 0x0 0x9590004 0x0 0x0 0x0 0x0 0x0 0x9600003 0x0 0xffffffffffffff50 0x96c0005 0x0 0x0 0x0 0x0 0x0 0x9770005 0x0 0x0 0x0 0x0 0x0 0x9830005 0x0 0x0 0x0 0x0 0x0 0x9910005 0x0 0x0 0x0 0x0 0x0 0x9970003 0x0 0x138 0x9a30005 0x0 0x2379d810 0x1fa4 0x0 0x0 0x9a60005 0x0 0x237a0ef0 0x13d2 0x237a0fa0 0xbd2 0x9ac0003 0x1fa4 0xc0 0x9c00005 0x0 0x237a0ef0 0x2df 0x237a0fa0 0x162 0x9c60003 0x441 0x78 0x9d00005 0x0 0x0 0x0 0x0 0x0 0x9dd0005 0x0 0x0 0x0 0x0 0x0 0x9e50007 0x3f6d8 0x1d0 0x0 0x9ed0007 0x0 0x1b0 0x0 0x9f40007 0x0 0x190 0x0 0x9fb0007 0x0 0xa0 0x0 0xa050002 0x0 0xa200005 0x0 0x0 0x0 0x0 0x0 0xa240005 0x0 0x0 0x0 0x0 0x0 0xa270002 0x0 0xa330007 0x0 0x70 0x0 0xa3c0005 0x0 0x0 0x0 0x0 0x0 0xa410007 0x0 0x38 0x0 0xa450003 0x0 0x48 0xa500005 0x0 0x0 0x0 0x0 0x0 0xa550003 0x0 0xfffffffffffffe48 0xa5a0007 0x3f6d8 0x1d0 0x0 0xa620007 0x0 0x1b0 0x0 0xa690007 0x0 0x190 0x0 0xa700007 0x0 0xa0 0x0 0xa7a0002 0x0 0xa950005 0x0 0x0 0x0 0x0 0x0 0xa990005 0x0 0x0 0x0 0x0 0x0 0xa9c0002 0x0 0xaa80007 0x0 0x70 0x0 0xab10005 0x0 0x0 0x0 0x0 0x0 0xab60007 0x0 0x38 0x0 0xaba0003 0x0 0x48 0xac50005 0x0 0x0 0x0 0x0 0x0 0xaca0003 0x0 0xfffffffffffffe48 0xacd0003 0x3f6f6 0xffffffffffffea88 0xad50007 0x19bd 0x50 0x1cca 0xade0005 0x0 0x237a0fa0 0x1137 0x237a0ef0 0xb93 0xae70007 0x0 0x390 0x3687 0xaec0007 0x19a9 0x370 0x1cde 0xaf40007 0x1b22 0xe8 0x1bc 0xaff0005 0x0 0x2379d810 0x1bc 0x0 0x0 0xb0f0007 0x1bc 0x98 0x267 0xb2a0005 0x0 0x2379d810 0x267 0x0 0x0 0xb370005 0x0 0x2379d810 0x267 0x0 0x0 0xb3e0003 0x267 0xffffffffffffff80 0xb490005 0x0 0x2379d810 0x1cde 0x0 0x0 0xb500007 0x1cde 0x238 0x4c0f 0xb550005 0x0 0x2379d810 0x4c0f 0x0 0x0 0xb5e0005 0x0 0x2379d810 0x4c0f 0x0 0x0 0xb680005 0x0 0x2379d810 0x4c0f 0x0 0x0 0xb720007 0x44b1 0xe0 0x75e 0xb7d0007 0x4f7 0xc0 0xeac 0xb870007 0xa92 0x88 0x41a 0xb930007 0x1b3 0x68 0x267 0xba00005 0x0 0x2379d810 0x267 0x0 0x0 0xba50003 0x267 0x30 0xbab0003 0xc45 0xffffffffffffff58 0xbb50005 0x0 0x2379d810 0x4c0f 0x0 0x0 0xbbf0005 0x0 0x2379d810 0x4c0f 0x0 0x0 0xbd30005 0x0 0x237a0fa0 0x2e68 0x237a0ef0 0x1da7 0xbdc0003 0x4c0f 0xfffffffffffffde0 0xbe10007 0x3687 0x128 0x0 0xbec0007 0x0 0x108 0x0 0xbf50005 0x0 0x0 0x0 0x0 0x0 0xbfc0007 0x0 0xa0 0x0 0xc060002 0x0 0xc2d0005 0x0 0x0 0x0 0x0 0x0 0xc310005 0x0 0x0 0x0 0x0 0x0 0xc340002 0x0 0xc3c0003 0x0 0xffffffffffffff10 0xc410007 0x3687 0x128 0x0 0xc4c0007 0x0 0x108 0x0 0xc550005 0x0 0x0 0x0 0x0 0x0 0xc5c0007 0x0 0xa0 0x0 0xc660002 0x0 0xc8d0005 0x0 0x0 0x0 0x0 0x0 0xc910005 0x0 0x0 0x0 0x0 0x0 0xc940002 0x0 0xc9c0003 0x0 0xffffffffffffff10 0xca10007 0x3687 0x68 0x0 0xcb40005 0x0 0x0 0x0 0x0 0x0 0xcbb0003 0x0 0xffffffffffffffb0 0xcc30005 0x0 0x237a0ef0 0x2438 0x237a0fa0 0x124f oops 122 2 org/objectweb/asm/ClassReader 8 org/objectweb/asm/ClassReader 14 org/objectweb/asm/ClassReader 20 org/objectweb/asm/ClassReader 73 org/objectweb/asm/ClassReader 79 org/objectweb/asm/ClassReader 113 org/objectweb/asm/ClassReader 119 org/objectweb/asm/ClassReader 125 org/objectweb/asm/ClassReader 131 org/objectweb/asm/ClassReader 141 org/objectweb/asm/ClassReader 147 org/objectweb/asm/ClassReader 159 org/objectweb/asm/ClassReader 165 org/objectweb/asm/ClassReader 171 org/objectweb/asm/ClassReader 181 org/objectweb/asm/ClassReader 187 org/objectweb/asm/ClassReader 211 org/objectweb/asm/ClassReader 221 org/objectweb/asm/ClassReader 227 org/objectweb/asm/ClassReader 233 org/objectweb/asm/ClassReader 239 org/objectweb/asm/ClassReader 245 org/objectweb/asm/ClassReader 251 org/objectweb/asm/ClassReader 257 org/objectweb/asm/ClassReader 263 org/objectweb/asm/ClassReader 269 org/objectweb/asm/tree/MethodNode 271 org/objectweb/asm/commons/JSRInlinerAdapter 285 org/objectweb/asm/ClassReader 295 org/objectweb/asm/ClassReader 301 java/lang/String 315 org/objectweb/asm/ClassReader 325 org/objectweb/asm/ClassReader 335 org/objectweb/asm/ClassReader 341 org/objectweb/asm/ClassReader 351 org/objectweb/asm/ClassReader 363 java/lang/String 376 java/lang/String 390 org/objectweb/asm/ClassReader 400 org/objectweb/asm/ClassReader 410 org/objectweb/asm/ClassReader 416 org/objectweb/asm/ClassReader 428 java/lang/String 466 java/lang/String 504 java/lang/String 518 org/objectweb/asm/ClassReader 524 org/objectweb/asm/ClassReader 595 org/objectweb/asm/ClassReader 622 org/objectweb/asm/ClassReader 640 org/objectweb/asm/ClassReader 657 org/objectweb/asm/tree/MethodNode 659 org/objectweb/asm/commons/JSRInlinerAdapter 671 org/objectweb/asm/tree/MethodNode 673 org/objectweb/asm/commons/JSRInlinerAdapter 710 org/objectweb/asm/tree/MethodNode 712 org/objectweb/asm/commons/JSRInlinerAdapter 768 org/objectweb/asm/tree/MethodNode 770 org/objectweb/asm/commons/JSRInlinerAdapter 781 org/objectweb/asm/tree/MethodNode 783 org/objectweb/asm/commons/JSRInlinerAdapter 790 org/objectweb/asm/tree/MethodNode 792 org/objectweb/asm/commons/JSRInlinerAdapter 799 org/objectweb/asm/ClassReader 805 org/objectweb/asm/tree/MethodNode 807 org/objectweb/asm/commons/JSRInlinerAdapter 869 org/objectweb/asm/ClassReader 875 org/objectweb/asm/ClassReader 881 org/objectweb/asm/ClassReader 891 org/objectweb/asm/ClassReader 897 org/objectweb/asm/Label 906 org/objectweb/asm/commons/JSRInlinerAdapter 908 org/objectweb/asm/tree/MethodNode 915 org/objectweb/asm/ClassReader 921 org/objectweb/asm/ClassReader 931 org/objectweb/asm/ClassReader 937 org/objectweb/asm/ClassReader 943 org/objectweb/asm/Label 952 org/objectweb/asm/commons/JSRInlinerAdapter 961 org/objectweb/asm/tree/MethodNode 963 org/objectweb/asm/commons/JSRInlinerAdapter 970 org/objectweb/asm/commons/JSRInlinerAdapter 972 org/objectweb/asm/tree/MethodNode 979 org/objectweb/asm/ClassReader 985 org/objectweb/asm/commons/JSRInlinerAdapter 987 org/objectweb/asm/tree/MethodNode 994 org/objectweb/asm/ClassReader 1000 org/objectweb/asm/tree/MethodNode 1002 org/objectweb/asm/commons/JSRInlinerAdapter 1009 org/objectweb/asm/ClassReader 1015 org/objectweb/asm/ClassReader 1021 org/objectweb/asm/commons/JSRInlinerAdapter 1023 org/objectweb/asm/tree/MethodNode 1030 org/objectweb/asm/ClassReader 1043 org/objectweb/asm/ClassReader 1049 org/objectweb/asm/ClassReader 1055 org/objectweb/asm/ClassReader 1061 org/objectweb/asm/ClassReader 1071 org/objectweb/asm/tree/MethodNode 1073 org/objectweb/asm/commons/JSRInlinerAdapter 1080 org/objectweb/asm/tree/MethodNode 1082 org/objectweb/asm/commons/JSRInlinerAdapter 1184 org/objectweb/asm/ClassReader 1190 org/objectweb/asm/tree/MethodNode 1192 org/objectweb/asm/commons/JSRInlinerAdapter 1199 org/objectweb/asm/tree/MethodNode 1201 org/objectweb/asm/commons/JSRInlinerAdapter 1343 org/objectweb/asm/commons/JSRInlinerAdapter 1345 org/objectweb/asm/tree/MethodNode 1361 org/objectweb/asm/ClassReader 1371 org/objectweb/asm/ClassReader 1377 org/objectweb/asm/ClassReader 1386 org/objectweb/asm/ClassReader 1396 org/objectweb/asm/ClassReader 1402 org/objectweb/asm/ClassReader 1408 org/objectweb/asm/ClassReader 1430 org/objectweb/asm/ClassReader 1442 org/objectweb/asm/ClassReader 1448 org/objectweb/asm/ClassReader 1454 org/objectweb/asm/commons/JSRInlinerAdapter 1456 org/objectweb/asm/tree/MethodNode 1550 org/objectweb/asm/tree/MethodNode 1552 org/objectweb/asm/commons/JSRInlinerAdapter
ciMethodData org/objectweb/asm/tree/MethodNode visitFrame (II[Ljava/lang/Object;I[Ljava/lang/Object;)V 2 66733 orig 264 8 30 231 101 0 0 0 0 0 17 76 28 0 0 0 0 64 2 0 0 144 0 0 0 0 0 0 0 0 0 0 0 0 0 0 0 0 0 0 0 0 0 0 0 0 0 0 0 0 0 0 0 0 0 0 0 0 0 0 0 0 0 0 0 0 0 0 0 0 0 0 0 0 0 0 0 0 0 0 0 77 68 79 32 101 120 116 114 97 32 100 97 116 97 32 108 111 99 107 0 0 0 0 0 0 0 0 0 0 0 0 0 0 0 0 0 0 0 0 0 0 0 0 0 0 0 0 0 0 0 0 0 0 0 0 0 0 0 0 0 0 0 0 0 0 0 0 0 0 0 0 0 0 0 0 0 0 0 0 0 0 0 0 0 0 0 0 0 0 0 0 0 0 0 0 0 0 0 0 0 0 0 0 0 0 0 0 0 0 0 0 0 0 0 0 0 0 0 0 0 0 0 0 0 0 0 0 0 0 0 0 0 0 0 0 0 4 2 0 0 25 227 7 0 1 0 0 0 0 0 0 0 0 0 0 0 2 0 0 0 0 0 9 0 2 0 0 0 208 0 0 0 255 255 255 255 7 0 11 0 0 0 0 0 data 26 0xb0007 0xc4fa 0x38 0x3769 0xf0003 0x3769 0x28 0x140002 0xc4fa 0x1b0007 0xc592 0x38 0x36d1 0x1f0003 0x36d1 0x28 0x250002 0xc592 0x280002 0xfc63 0x2b0005 0x0 0x1ebc55e0 0xfc63 0x0 0x0 oops 1 22 org/objectweb/asm/tree/InsnList
ciMethodData org/objectweb/asm/tree/FrameNode <init> (II[Ljava/lang/Object;I[Ljava/lang/Object;)V 2 67609 orig 264 8 30 231 101 0 0 0 0 232 56 77 28 0 0 0 0 176 2 0 0 24 1 0 0 0 0 0 0 0 0 0 0 0 0 0 0 0 0 0 0 0 0 0 0 0 0 0 0 0 0 0 0 0 0 0 0 0 0 0 0 0 0 0 0 0 0 0 0 0 0 0 0 0 0 0 0 0 0 0 0 77 68 79 32 101 120 116 114 97 32 100 97 116 97 32 108 111 99 107 0 0 0 0 0 0 0 0 0 0 0 0 0 0 0 0 0 0 0 0 0 0 0 0 0 0 0 0 0 0 0 0 0 0 0 0 0 0 0 0 0 0 0 0 0 0 0 0 0 0 0 0 0 0 0 0 0 0 0 0 0 0 0 0 0 0 0 0 0 0 0 0 0 0 0 0 0 0 0 0 0 0 0 0 0 0 0 0 0 0 0 0 0 0 0 0 0 0 0 0 0 0 0 0 0 0 0 0 0 0 0 0 0 0 0 0 0 4 2 0 0 121 254 7 0 1 0 0 0 0 0 0 0 0 0 0 0 2 0 0 0 0 0 51 0 2 0 0 0 64 1 0 0 255 255 255 255 2 0 2 0 0 0 0 0 data 40 0x20002 0xffcf 0xb0008 0xe 0x0 0x130 0x0 0x80 0x0 0x80 0x0 0xb8 0x0 0xe0 0x0 0x108 0x0 0x120 0x330002 0x1698 0x3e0002 0x1698 0x440003 0x1698 0x90 0x4a0002 0x26e9 0x500003 0x26e9 0x68 0x580002 0x1537 0x5e0003 0x1537 0x40 0x610003 0x843c 0x28 0x680002 0x28db oops 0
ciMethodData org/objectweb/asm/tree/FrameNode asList (I[Ljava/lang/Object;)Ljava/util/List; 2 32234 orig 264 8 30 231 101 0 0 0 0 136 60 77 28 0 0 0 0 144 1 0 0 0 0 0 0 0 0 0 0 0 0 0 0 0 0 0 0 0 0 0 0 0 0 0 0 0 0 0 0 0 0 0 0 0 0 0 0 0 0 0 0 0 0 0 0 0 0 0 0 0 0 0 0 0 0 0 0 0 0 0 0 77 68 79 32 101 120 116 114 97 32 100 97 116 97 32 108 111 99 107 0 0 0 0 0 0 0 0 0 0 0 0 0 0 0 0 0 0 0 0 0 0 0 0 0 0 0 0 0 0 0 0 0 0 0 0 0 0 0 0 0 0 0 0 0 0 0 0 0 0 0 0 0 0 0 0 0 0 0 0 0 0 0 0 0 0 0 0 0 0 0 0 0 0 0 0 0 0 0 0 0 0 0 0 0 0 0 0 0 0 0 0 0 0 0 0 0 0 0 0 0 0 0 0 0 0 0 0 0 0 0 0 0 0 0 0 0 246 0 0 0 161 231 3 0 1 0 0 0 0 0 0 0 0 0 0 0 2 0 0 0 0 0 0 0 0 0 0 0 64 0 0 0 255 255 255 255 2 0 1 0 0 0 0 0 data 8 0x10002 0x7cf4 0x60005 0x0 0x21345640 0x7cf4 0x0 0x0 oops 1 4 java/util/Arrays$ArrayList
ciMethodData org/objectweb/asm/tree/MethodNode visitTryCatchBlock (Lorg/objectweb/asm/Label;Lorg/objectweb/asm/Label;Lorg/objectweb/asm/Label;Ljava/lang/String;)V 2 11146 orig 264 8 30 231 101 0 0 0 0 48 28 76 28 0 0 0 0 56 2 0 0 0 0 0 0 0 0 0 0 0 0 0 0 0 0 0 0 0 0 0 0 0 0 0 0 0 0 0 0 0 0 0 0 0 0 0 0 0 0 0 0 0 0 0 0 0 0 0 0 0 0 0 0 0 0 0 0 0 0 0 0 77 68 79 32 101 120 116 114 97 32 100 97 116 97 32 108 111 99 107 0 0 0 0 0 0 0 0 0 0 0 0 0 0 0 0 0 0 0 0 0 0 0 0 0 0 0 0 0 0 0 0 0 0 0 0 0 0 0 0 0 0 0 0 0 0 0 0 0 0 0 0 0 0 0 0 0 0 0 0 0 0 0 0 0 0 0 0 0 0 0 0 0 0 0 0 0 0 0 0 0 0 0 0 0 0 0 0 0 0 0 0 0 0 0 0 0 0 0 0 0 0 0 0 0 0 0 0 0 0 0 0 0 0 0 0 0 130 1 0 0 65 80 1 0 1 0 0 0 0 0 0 0 0 0 0 0 2 0 0 0 0 0 15 0 2 0 0 0 208 0 0 0 255 255 255 255 5 0 10 0 0 0 0 0 data 26 0xa0005 0x0 0x237a0ef0 0x1a2a 0x237a0fa0 0xfde 0xf0005 0x0 0x237a0ef0 0x1a2a 0x237a0fa0 0xfde 0x140005 0x0 0x237a0ef0 0x1a2a 0x237a0fa0 0xfde 0x190002 0x2a08 0x1c0005 0x0 0x24366010 0x2a08 0x0 0x0 oops 7 2 org/objectweb/asm/tree/MethodNode 4 org/objectweb/asm/commons/JSRInlinerAdapter 8 org/objectweb/asm/tree/MethodNode 10 org/objectweb/asm/commons/JSRInlinerAdapter 14 org/objectweb/asm/tree/MethodNode 16 org/objectweb/asm/commons/JSRInlinerAdapter 22 java/util/ArrayList
ciMethodData org/objectweb/asm/tree/TryCatchBlockNode <init> (Lorg/objectweb/asm/tree/LabelNode;Lorg/objectweb/asm/tree/LabelNode;Lorg/objectweb/asm/tree/LabelNode;Ljava/lang/String;)V 2 11146 orig 264 8 30 231 101 0 0 0 0 224 115 78 28 0 0 0 0 80 1 0 0 0 0 0 0 0 0 0 0 0 0 0 0 0 0 0 0 0 0 0 0 0 0 0 0 0 0 0 0 0 0 0 0 0 0 0 0 0 0 0 0 0 0 0 0 0 0 0 0 0 0 0 0 0 0 0 0 0 0 0 0 77 68 79 32 101 120 116 114 97 32 100 97 116 97 32 108 111 99 107 0 0 0 0 0 0 0 0 0 0 0 0 0 0 0 0 0 0 0 0 0 0 0 0 0 0 0 0 0 0 0 0 0 0 0 0 0 0 0 0 0 0 0 0 0 0 0 0 0 0 0 0 0 0 0 0 0 0 0 0 0 0 0 0 0 0 0 0 0 0 0 0 0 0 0 0 0 0 0 0 0 0 0 0 0 0 0 0 0 0 0 0 0 0 0 0 0 0 0 0 0 0 0 0 0 0 0 0 0 0 0 0 0 0 0 0 0 130 1 0 0 65 80 1 0 1 0 0 0 0 0 0 0 0 0 0 0 2 0 0 0 0 0 3 0 2 0 0 0 16 0 0 0 255 255 255 255 2 0 1 0 0 0 0 0 data 2 0x10002 0x2a08 oops 0
instanceKlass java/lang/invoke/LambdaForm$MH
instanceKlass java/lang/invoke/LambdaForm$MH
instanceKlass java/lang/invoke/LambdaForm$MH
instanceKlass java/lang/invoke/LambdaForm$reinvoker
instanceKlass java/lang/invoke/LambdaForm$MH
instanceKlass java/lang/invoke/LambdaForm$MH
instanceKlass java/lang/invoke/LambdaForm$MH
instanceKlass java/lang/invoke/LambdaForm$MH
instanceKlass java/lang/invoke/LambdaForm$DMH
instanceKlass java/lang/invoke/LambdaForm$MH
instanceKlass java/lang/invoke/LambdaForm$BMH
instanceKlass java/lang/invoke/LambdaForm$MH
instanceKlass java/lang/invoke/LambdaForm$BMH
instanceKlass java/lang/invoke/LambdaForm$BMH
instanceKlass java/lang/invoke/LambdaForm$BMH
instanceKlass java/lang/invoke/LambdaForm$MH
instanceKlass java/lang/invoke/LambdaForm$MH
instanceKlass java/lang/invoke/LambdaForm$reinvoker
instanceKlass java/lang/invoke/LambdaForm$MH
instanceKlass java/lang/invoke/LambdaForm$MH
instanceKlass java/lang/invoke/LambdaForm$DMH
instanceKlass java/lang/invoke/LambdaForm$MH
instanceKlass java/lang/invoke/LambdaForm$MH
instanceKlass java/lang/invoke/LambdaForm$BMH
instanceKlass java/lang/invoke/LambdaForm$BMH
instanceKlass java/lang/invoke/LambdaForm$DMH
instanceKlass java/lang/invoke/LambdaForm$MH
instanceKlass java/lang/invoke/LambdaForm$MH
instanceKlass java/lang/invoke/LambdaForm$reinvoker
instanceKlass java/lang/invoke/LambdaForm$DMH
instanceKlass java/lang/invoke/LambdaForm$MH
instanceKlass java/lang/invoke/LambdaForm$MH
instanceKlass java/lang/invoke/LambdaForm$MH
instanceKlass java/lang/invoke/LambdaForm$DMH
instanceKlass java/lang/invoke/LambdaForm$MH
instanceKlass java/lang/invoke/LambdaForm$DMH
instanceKlass java/lang/invoke/LambdaForm$MH
instanceKlass java/lang/invoke/LambdaForm$BMH
instanceKlass java/lang/invoke/LambdaForm$MH
instanceKlass java/lang/invoke/LambdaForm$DMH
instanceKlass java/lang/invoke/LambdaForm$BMH
instanceKlass java/lang/invoke/LambdaForm$BMH
instanceKlass java/lang/invoke/LambdaForm$BMH
instanceKlass java/lang/invoke/LambdaForm$DMH
instanceKlass java/lang/invoke/LambdaForm$MH
instanceKlass java/lang/invoke/LambdaForm$MH
instanceKlass java/lang/invoke/LambdaForm$reinvoker
instanceKlass java/lang/invoke/LambdaForm$DMH
instanceKlass java/lang/invoke/LambdaForm$MH
instanceKlass java/lang/invoke/LambdaForm$MH
instanceKlass java/lang/invoke/LambdaForm$MH
instanceKlass java/lang/invoke/LambdaForm$MH
instanceKlass java/lang/invoke/LambdaForm$BMH
instanceKlass java/lang/invoke/LambdaForm$MH
instanceKlass java/lang/invoke/LambdaForm$DMH
instanceKlass java/lang/invoke/LambdaForm$DMH
instanceKlass java/lang/invoke/LambdaForm$BMH
instanceKlass java/lang/invoke/LambdaForm$BMH
instanceKlass java/lang/invoke/LambdaForm$DMH
instanceKlass libcore/net/UriCodec
instanceKlass java/lang/invoke/LambdaForm$MH
instanceKlass java/lang/invoke/LambdaForm$MH
instanceKlass java/lang/invoke/LambdaForm$reinvoker
instanceKlass java/lang/invoke/LambdaForm$DMH
instanceKlass java/lang/invoke/LambdaForm$MH
instanceKlass java/lang/invoke/LambdaForm$MH
instanceKlass java/lang/invoke/LambdaForm$MH
instanceKlass java/lang/invoke/LambdaForm$DMH
instanceKlass java/lang/invoke/LambdaForm$MH
instanceKlass java/lang/invoke/LambdaForm$MH
instanceKlass java/lang/invoke/LambdaForm$BMH
instanceKlass java/lang/invoke/LambdaForm$BMH
instanceKlass android/net/Uri$AbstractPart
instanceKlass android/net/Uri$Builder
instanceKlass android/net/Uri$1
instanceKlass android/app/FragmentManager
instanceKlass android/app/assist/AssistContent
instanceKlass android/view/ContextMenu$ContextMenuInfo
instanceKlass android/view/ContextMenu
instanceKlass android/transition/Scene
instanceKlass android/view/ViewParent
instanceKlass android/app/LoaderManager
instanceKlass android/view/accessibility/AccessibilityRecord
instanceKlass android/media/session/MediaController
instanceKlass android/app/SharedElementCallback
instanceKlass android/transition/TransitionManager
instanceKlass android/view/DragAndDropPermissions
instanceKlass android/view/DragEvent
instanceKlass android/view/ActionMode$Callback
instanceKlass android/app/VoiceInteractor
instanceKlass android/view/ActionMode
instanceKlass android/app/PendingIntent
instanceKlass android/app/Activity$TranslucentConversionListener
instanceKlass android/app/ActivityManager$TaskDescription
instanceKlass android/view/SearchEvent
instanceKlass android/app/TaskStackBuilder
instanceKlass org/robolectric/shadows/ShadowActivity$IntentForResult
instanceKlass android/app/Dialog
instanceKlass android/content/DialogInterface
instanceKlass android/view/MenuInflater
instanceKlass android/app/Fragment
instanceKlass android/view/Menu
instanceKlass android/view/MenuItem
instanceKlass android/text/Editable
instanceKlass android/text/GetChars
instanceKlass com/android/internal/view/menu/MenuBuilder$Callback
instanceKlass com/android/internal/widget/ActionBarOverlayLayout$ActionBarVisibilityCallback
instanceKlass android/app/ActionBar
instanceKlass android/app/FragmentContainer
instanceKlass org/junit/rules/MethodRule
instanceKlass org/junit/rules/TestRule
instanceKlass org/junit/internal/runners/model/ReflectiveCallable
instanceKlass org/robolectric/TestLifecycleApplication
instanceKlass android/content/pm/ResolveInfo$1
instanceKlass org/robolectric/shadows/ShadowResolveInfo
instanceKlass android/content/pm/ResolveInfo
instanceKlass android/app/Application$OnProvideAssistDataListener
instanceKlass android/app/Application$ActivityLifecycleCallbacks
instanceKlass org/robolectric/util/ApplicationTestUtil
instanceKlass java/lang/invoke/LambdaForm$DMH
instanceKlass java/lang/invoke/LambdaForm$BMH
instanceKlass java/lang/invoke/LambdaForm$BMH
instanceKlass java/lang/invoke/LambdaForm$DMH
instanceKlass java/lang/invoke/LambdaForm$MH
instanceKlass java/lang/invoke/LambdaForm$MH
instanceKlass java/lang/invoke/LambdaForm$reinvoker
instanceKlass java/lang/invoke/LambdaForm$DMH
instanceKlass java/lang/invoke/LambdaForm$MH
instanceKlass java/lang/invoke/LambdaForm$MH
instanceKlass java/lang/invoke/LambdaForm$MH
instanceKlass java/lang/invoke/LambdaForm$DMH
instanceKlass java/lang/invoke/LambdaForm$MH
instanceKlass java/lang/invoke/LambdaForm$DMH
instanceKlass java/lang/invoke/LambdaForm$MH
instanceKlass java/lang/invoke/LambdaForm$MH
instanceKlass java/lang/invoke/LambdaForm$DMH
instanceKlass java/lang/invoke/LambdaForm$DMH
instanceKlass java/lang/invoke/LambdaForm$BMH
instanceKlass java/lang/invoke/LambdaForm$BMH
instanceKlass java/lang/invoke/LambdaForm$DMH
instanceKlass java/lang/invoke/LambdaForm$MH
instanceKlass java/lang/invoke/LambdaForm$MH
instanceKlass java/lang/invoke/LambdaForm$reinvoker
instanceKlass java/lang/invoke/LambdaForm$DMH
instanceKlass java/lang/invoke/LambdaForm$MH
instanceKlass java/lang/invoke/LambdaForm$MH
instanceKlass java/lang/invoke/LambdaForm$MH
instanceKlass java/lang/invoke/LambdaForm$MH
instanceKlass java/lang/invoke/LambdaForm$MH
instanceKlass java/lang/invoke/LambdaForm$DMH
instanceKlass java/lang/invoke/LambdaForm$DMH
instanceKlass java/lang/invoke/LambdaForm$BMH
instanceKlass java/lang/invoke/LambdaForm$DMH
instanceKlass java/lang/invoke/LambdaForm$MH
instanceKlass java/lang/invoke/LambdaForm$MH
instanceKlass java/lang/invoke/LambdaForm$reinvoker
instanceKlass java/lang/invoke/LambdaForm$DMH
instanceKlass java/lang/invoke/LambdaForm$MH
instanceKlass java/lang/invoke/LambdaForm$MH
instanceKlass java/lang/invoke/LambdaForm$MH
instanceKlass java/lang/invoke/LambdaForm$MH
instanceKlass java/lang/invoke/LambdaForm$BMH
instanceKlass java/lang/invoke/LambdaForm$MH
instanceKlass java/lang/invoke/LambdaForm$DMH
instanceKlass java/lang/invoke/LambdaForm$DMH
instanceKlass java/lang/invoke/LambdaForm$BMH
instanceKlass java/lang/invoke/LambdaForm$BMH
instanceKlass java/lang/invoke/LambdaForm$DMH
instanceKlass java/lang/invoke/LambdaForm$MH
instanceKlass java/lang/invoke/LambdaForm$MH
instanceKlass java/lang/invoke/LambdaForm$reinvoker
instanceKlass java/lang/invoke/LambdaForm$DMH
instanceKlass java/lang/invoke/LambdaForm$MH
instanceKlass java/lang/invoke/LambdaForm$MH
instanceKlass java/lang/invoke/LambdaForm$MH
instanceKlass java/lang/invoke/LambdaForm$MH
instanceKlass java/lang/invoke/LambdaForm$BMH
instanceKlass java/lang/invoke/LambdaForm$BMH
instanceKlass java/lang/invoke/LambdaForm$MH
instanceKlass java/lang/invoke/LambdaForm$DMH
instanceKlass java/lang/invoke/LambdaForm$BMH
instanceKlass java/lang/invoke/LambdaForm$BMH
instanceKlass java/lang/invoke/LambdaForm$BMH
instanceKlass java/lang/invoke/LambdaForm$MH
instanceKlass java/lang/invoke/LambdaForm$MH
instanceKlass java/lang/invoke/LambdaForm$reinvoker
instanceKlass java/lang/invoke/LambdaForm$DMH
instanceKlass java/lang/invoke/LambdaForm$MH
instanceKlass java/lang/invoke/LambdaForm$MH
instanceKlass java/lang/invoke/LambdaForm$MH
instanceKlass java/lang/invoke/LambdaForm$MH
instanceKlass java/lang/invoke/LambdaForm$MH
instanceKlass java/lang/invoke/LambdaForm$DMH
instanceKlass java/lang/invoke/LambdaForm$BMH
instanceKlass java/lang/invoke/LambdaForm$MH
instanceKlass java/lang/invoke/LambdaForm$BMH
instanceKlass android/os/FileUtils
instanceKlass java/lang/invoke/LambdaForm$MH
instanceKlass java/lang/invoke/LambdaForm$MH
instanceKlass java/lang/invoke/LambdaForm$reinvoker
instanceKlass java/lang/invoke/LambdaForm$DMH
instanceKlass java/lang/invoke/LambdaForm$MH
instanceKlass java/lang/invoke/LambdaForm$MH
instanceKlass java/lang/invoke/LambdaForm$MH
instanceKlass java/lang/invoke/LambdaForm$DMH
instanceKlass java/lang/invoke/LambdaForm$MH
instanceKlass java/lang/invoke/LambdaForm$DMH
instanceKlass java/lang/invoke/LambdaForm$MH
instanceKlass java/lang/invoke/LambdaForm$BMH
instanceKlass java/lang/invoke/LambdaForm$BMH
instanceKlass java/lang/invoke/LambdaForm$BMH
instanceKlass java/lang/invoke/LambdaForm$BMH
instanceKlass java/lang/invoke/LambdaForm$MH
instanceKlass java/lang/invoke/LambdaForm$DMH
instanceKlass java/lang/invoke/LambdaForm$BMH
instanceKlass java/lang/invoke/LambdaForm$BMH
instanceKlass java/lang/invoke/LambdaForm$BMH
instanceKlass java/lang/invoke/LambdaForm$BMH
instanceKlass java/lang/invoke/LambdaForm$BMH
instanceKlass java/lang/invoke/LambdaForm$BMH
instanceKlass java/lang/invoke/LambdaForm$DMH
instanceKlass java/lang/invoke/LambdaForm$MH
instanceKlass java/lang/invoke/LambdaForm$MH
instanceKlass java/lang/invoke/LambdaForm$reinvoker
instanceKlass java/lang/invoke/LambdaForm$DMH
instanceKlass java/lang/invoke/LambdaForm$MH
instanceKlass java/lang/invoke/LambdaForm$MH
instanceKlass java/lang/invoke/LambdaForm$MH
instanceKlass java/lang/invoke/LambdaForm$MH
instanceKlass java/lang/invoke/LambdaForm$BMH
instanceKlass java/lang/invoke/LambdaForm$BMH
instanceKlass java/lang/invoke/LambdaForm$BMH
instanceKlass java/lang/invoke/LambdaForm$BMH
instanceKlass java/lang/invoke/LambdaForm$MH
instanceKlass java/lang/invoke/LambdaForm$DMH
instanceKlass java/lang/invoke/LambdaForm$DMH
instanceKlass java/lang/invoke/LambdaForm$BMH
instanceKlass java/lang/invoke/LambdaForm$BMH
instanceKlass java/lang/invoke/LambdaForm$BMH
instanceKlass java/lang/invoke/LambdaForm$BMH
instanceKlass java/lang/invoke/LambdaForm$BMH
instanceKlass java/lang/invoke/LambdaForm$DMH
instanceKlass java/lang/invoke/LambdaForm$MH
instanceKlass java/lang/invoke/LambdaForm$MH
instanceKlass java/lang/invoke/LambdaForm$reinvoker
instanceKlass java/lang/invoke/LambdaForm$MH
instanceKlass java/lang/invoke/LambdaForm$MH
instanceKlass java/lang/invoke/LambdaForm$MH
instanceKlass java/lang/invoke/LambdaForm$MH
instanceKlass java/lang/invoke/LambdaForm$BMH
instanceKlass java/lang/invoke/LambdaForm$MH
instanceKlass java/lang/invoke/LambdaForm$DMH
instanceKlass java/lang/invoke/LambdaForm$BMH
instanceKlass java/lang/invoke/LambdaForm$BMH
instanceKlass org/robolectric/util/ReflectionHelpers$6
instanceKlass org/robolectric/shadows/Provider
instanceKlass org/robolectric/shadows/ShadowBluetoothAdapter
instanceKlass android/bluetooth/IBluetoothManager
instanceKlass android/bluetooth/le/ScanCallback
instanceKlass android/bluetooth/IBluetoothManagerCallback
instanceKlass android/bluetooth/BluetoothAdapter
instanceKlass org/robolectric/RoboSettings
instanceKlass android/widget/ListPopupWindow
instanceKlass com/android/internal/view/menu/ShowableListMenu
instanceKlass android/widget/PopupWindow
instanceKlass org/robolectric/shadows/ShadowApplication$ServiceConnectionDataWrapper
instanceKlass org/robolectric/shadows/ShadowPopupMenu
instanceKlass android/os/PowerManager$WakeLock
instanceKlass org/robolectric/annotation/Config$Builder
instanceKlass java/lang/invoke/LambdaForm$DMH
instanceKlass java/lang/invoke/LambdaForm$MH
instanceKlass java/lang/invoke/LambdaForm$MH
instanceKlass java/lang/invoke/LambdaForm$reinvoker
instanceKlass java/lang/invoke/LambdaForm$MH
instanceKlass java/lang/invoke/LambdaForm$MH
instanceKlass java/lang/invoke/LambdaForm$MH
instanceKlass java/lang/invoke/LambdaForm$BMH
instanceKlass java/lang/invoke/LambdaForm$MH
instanceKlass java/lang/invoke/LambdaForm$MH
instanceKlass java/lang/invoke/LambdaForm$reinvoker
instanceKlass java/lang/invoke/LambdaForm$DMH
instanceKlass java/lang/invoke/LambdaForm$MH
instanceKlass java/lang/invoke/LambdaForm$MH
instanceKlass java/lang/invoke/LambdaForm$MH
instanceKlass java/lang/invoke/LambdaForm$DMH
instanceKlass java/lang/invoke/LambdaForm$MH
instanceKlass java/lang/invoke/LambdaForm$DMH
instanceKlass java/lang/invoke/LambdaForm$MH
instanceKlass java/lang/invoke/LambdaForm$BMH
instanceKlass java/lang/invoke/LambdaForm$MH
instanceKlass java/lang/invoke/LambdaForm$DMH
instanceKlass java/lang/invoke/LambdaForm$DMH
instanceKlass java/lang/invoke/LambdaForm$BMH
instanceKlass java/lang/invoke/LambdaForm$BMH
instanceKlass java/lang/invoke/LambdaForm$BMH
instanceKlass java/lang/invoke/LambdaForm$DMH
instanceKlass java/lang/invoke/LambdaForm$MH
instanceKlass java/lang/invoke/LambdaForm$MH
instanceKlass java/lang/invoke/LambdaForm$reinvoker
instanceKlass java/lang/invoke/LambdaForm$DMH
instanceKlass java/lang/invoke/LambdaForm$MH
instanceKlass java/lang/invoke/LambdaForm$MH
instanceKlass java/lang/invoke/LambdaForm$MH
instanceKlass java/lang/invoke/LambdaForm$DMH
instanceKlass java/lang/invoke/LambdaForm$MH
instanceKlass java/lang/invoke/LambdaForm$DMH
instanceKlass java/lang/invoke/LambdaForm$MH
instanceKlass java/lang/invoke/LambdaForm$BMH
instanceKlass java/lang/invoke/LambdaForm$BMH
instanceKlass java/lang/invoke/LambdaForm$MH
instanceKlass java/lang/invoke/LambdaForm$DMH
instanceKlass java/lang/invoke/LambdaForm$DMH
instanceKlass java/lang/invoke/LambdaForm$BMH
instanceKlass java/lang/invoke/LambdaForm$BMH
instanceKlass java/lang/invoke/LambdaForm$BMH
instanceKlass java/lang/invoke/LambdaForm$BMH
instanceKlass java/lang/invoke/LambdaForm$DMH
instanceKlass android/view/Display$Mode$1
instanceKlass android/view/Display$1
instanceKlass android/view/Display$HdrCapabilities
instanceKlass android/view/Display$Mode
instanceKlass android/view/DisplayInfo$1
instanceKlass java/lang/invoke/LambdaForm$BMH
instanceKlass java/lang/invoke/LambdaForm$BMH
instanceKlass java/lang/invoke/LambdaForm$BMH
instanceKlass java/lang/invoke/LambdaForm$DMH
instanceKlass android/view/Surface$1
instanceKlass android/view/SurfaceControl
instanceKlass android/graphics/Matrix
instanceKlass android/graphics/SurfaceTexture
instanceKlass org/robolectric/shadows/ShadowSurface
instanceKlass android/media/projection/IMediaProjection
instanceKlass android/hardware/display/WifiDisplayStatus
instanceKlass android/view/Surface
instanceKlass org/robolectric/util/ReflectionHelpers$2
instanceKlass android/hardware/display/IDisplayManager
instanceKlass java/lang/invoke/LambdaForm$BMH
instanceKlass org/robolectric/shadows/ShadowDisplayManagerGlobal
instanceKlass android/hardware/display/IDisplayManagerCallback
instanceKlass android/hardware/display/IVirtualDisplayCallback
instanceKlass java/lang/invoke/LambdaForm$BMH
instanceKlass java/lang/invoke/LambdaForm$BMH
instanceKlass java/lang/invoke/LambdaForm$DMH
instanceKlass android/util/Pair
instanceKlass java/lang/invoke/LambdaForm$MH
instanceKlass java/lang/invoke/LambdaForm$MH
instanceKlass java/lang/invoke/LambdaForm$reinvoker
instanceKlass java/lang/invoke/LambdaForm$MH
instanceKlass java/lang/invoke/LambdaForm$MH
instanceKlass java/lang/invoke/LambdaForm$MH
instanceKlass java/lang/invoke/LambdaForm$BMH
instanceKlass java/lang/invoke/LambdaForm$DMH
instanceKlass com/android/internal/util/Preconditions
instanceKlass android/content/Intent$1
instanceKlass android/content/ClipData$Item
instanceKlass android/content/ClipData
instanceKlass android/content/Intent$CommandOptionHandler
instanceKlass android/os/ShellCommand
instanceKlass org/robolectric/shadows/ShadowIntent
instanceKlass android/content/SyncStatusObserver
instanceKlass android/content/IContentService
instanceKlass android/content/SyncAdapterType
instanceKlass android/content/SyncRequest
instanceKlass android/content/SyncInfo
instanceKlass android/content/SyncStatusInfo
instanceKlass android/content/ContentResolver$OpenResourceIdResult
instanceKlass org/robolectric/fakes/BaseCursor
instanceKlass org/robolectric/shadows/ShadowContentResolver$Status
instanceKlass android/content/ContentProviderResult
instanceKlass android/database/ContentObserver
instanceKlass android/content/ContentProviderClient
instanceKlass android/accounts/Account
instanceKlass android/os/CancellationSignal
instanceKlass android/content/ContentValues
instanceKlass android/content/ISyncStatusObserver
instanceKlass android/os/UserHandle$1
instanceKlass org/robolectric/shadows/ShadowPosix
instanceKlass libcore/io/Posix
instanceKlass libcore/io/ForwardingOs
instanceKlass libcore/io/Os
instanceKlass libcore/io/Libcore
instanceKlass java/net/SocketAddress
instanceKlass android/system/Os
instanceKlass android/os/Process
instanceKlass android/hardware/location/ContextHubManager
instanceKlass android/os/health/SystemHealthManager
instanceKlass android/content/pm/ShortcutManager
instanceKlass android/media/soundtrigger/SoundTriggerManager
instanceKlass android/os/HardwarePropertiesManager
instanceKlass android/hardware/radio/RadioManager
instanceKlass android/media/midi/MidiManager
instanceKlass android/appwidget/AppWidgetManager
instanceKlass android/media/projection/MediaProjectionManager
instanceKlass android/service/persistentdata/PersistentDataBlockManager
instanceKlass android/app/job/JobScheduler
instanceKlass android/app/usage/NetworkStatsManager
instanceKlass android/app/usage/UsageStatsManager
instanceKlass android/net/NetworkScoreManager
instanceKlass android/media/tv/TvInputManager
instanceKlass android/hardware/fingerprint/FingerprintManager
instanceKlass android/app/trust/TrustManager
instanceKlass android/media/session/MediaSessionManager
instanceKlass android/hardware/ConsumerIrManager
instanceKlass android/print/PrintManager
instanceKlass android/content/RestrictionsManager
instanceKlass android/content/pm/LauncherApps
instanceKlass android/hardware/camera2/CameraManager
instanceKlass android/app/AppOpsManager
instanceKlass android/os/UserManager
instanceKlass android/view/WindowManager
instanceKlass android/net/EthernetManager
instanceKlass android/net/wifi/RttManager
instanceKlass android/net/wifi/WifiScanner
instanceKlass android/net/wifi/nan/WifiNanManager
instanceKlass android/net/wifi/p2p/WifiP2pManager
instanceKlass android/net/wifi/WifiManager
instanceKlass android/os/Vibrator
instanceKlass android/hardware/SerialManager
instanceKlass android/hardware/usb/UsbManager
instanceKlass android/app/UiModeManager
instanceKlass android/telecom/TelecomManager
instanceKlass android/telephony/CarrierConfigManager
instanceKlass android/telephony/SubscriptionManager
instanceKlass android/telephony/TelephonyManager
instanceKlass android/os/storage/StorageManager
instanceKlass android/app/StatusBarManager
instanceKlass android/hardware/SensorManager
instanceKlass android/app/SearchManager
instanceKlass android/content/DialogInterface$OnCancelListener
instanceKlass android/content/DialogInterface$OnDismissListener
instanceKlass android/os/RecoverySystem
instanceKlass android/os/PowerManager
instanceKlass android/net/nsd/NsdManager
instanceKlass android/app/NotificationManager
instanceKlass android/net/NetworkPolicyManager
instanceKlass android/location/LocationManager
instanceKlass android/view/LayoutInflater
instanceKlass android/app/KeyguardManager
instanceKlass android/view/textservice/TextServicesManager
instanceKlass android/view/inputmethod/InputMethodManager
instanceKlass android/hardware/display/DisplayManager
instanceKlass android/hardware/input/InputManager
instanceKlass android/os/DropBoxManager
instanceKlass android/nfc/NfcManager
instanceKlass android/os/BatteryManager
instanceKlass android/app/DownloadManager
instanceKlass android/app/admin/DevicePolicyManager
instanceKlass android/location/CountryDetector
instanceKlass android/net/ConnectivityManager
instanceKlass android/text/ClipboardManager
instanceKlass android/hardware/hdmi/HdmiControlManager
instanceKlass android/bluetooth/BluetoothManager
instanceKlass android/media/MediaRouter
instanceKlass android/media/AudioManager
instanceKlass android/app/AlarmManager
instanceKlass android/app/ActivityManager
instanceKlass android/accounts/AccountManager
instanceKlass android/view/accessibility/CaptioningManager
instanceKlass java/lang/invoke/LambdaForm$DMH
instanceKlass java/lang/invoke/LambdaForm$DMH
instanceKlass android/app/SystemServiceRegistry$StaticServiceFetcher
instanceKlass android/app/SystemServiceRegistry$StaticApplicationContextServiceFetcher
instanceKlass android/app/SystemServiceRegistry$CachedServiceFetcher
instanceKlass android/view/accessibility/AccessibilityManager
instanceKlass android/app/SystemServiceRegistry$ServiceFetcher
instanceKlass android/app/SystemServiceRegistry
instanceKlass java/lang/invoke/LambdaForm$MH
instanceKlass java/lang/invoke/LambdaForm$MH
instanceKlass java/lang/invoke/LambdaForm$reinvoker
instanceKlass java/lang/invoke/LambdaForm$DMH
instanceKlass java/lang/invoke/LambdaForm$MH
instanceKlass java/lang/invoke/LambdaForm$MH
instanceKlass java/lang/invoke/LambdaForm$MH
instanceKlass java/lang/invoke/LambdaForm$DMH
instanceKlass java/lang/invoke/LambdaForm$MH
instanceKlass java/lang/invoke/LambdaForm$DMH
instanceKlass java/lang/invoke/LambdaForm$MH
instanceKlass java/lang/invoke/LambdaForm$BMH
instanceKlass java/lang/invoke/LambdaForm$BMH
instanceKlass java/lang/invoke/LambdaForm$MH
instanceKlass java/lang/invoke/LambdaForm$DMH
instanceKlass java/lang/invoke/LambdaForm$DMH
instanceKlass java/lang/invoke/LambdaForm$BMH
instanceKlass java/lang/invoke/LambdaForm$BMH
instanceKlass java/lang/invoke/LambdaForm$BMH
instanceKlass java/lang/invoke/LambdaForm$BMH
instanceKlass java/lang/invoke/LambdaForm$BMH
instanceKlass java/lang/invoke/LambdaForm$DMH
instanceKlass android/app/IServiceConnection
instanceKlass android/content/IIntentReceiver
instanceKlass org/robolectric/shadows/ShadowLoadedApk
instanceKlass org/robolectric/shadows/ShadowContextImpl
instanceKlass android/app/WallpaperManager
instanceKlass android/database/sqlite/SQLiteClosable
instanceKlass android/database/DatabaseErrorHandler
instanceKlass android/database/sqlite/SQLiteDatabase$CursorFactory
instanceKlass android/net/Uri
instanceKlass android/content/ComponentName
instanceKlass android/content/ServiceConnection
instanceKlass android/content/IntentFilter
instanceKlass android/content/BroadcastReceiver
instanceKlass android/content/ContentResolver
instanceKlass android/content/SharedPreferences
instanceKlass android/app/ActivityThread$Profiler
instanceKlass org/robolectric/util/ReflectionHelpers$5
instanceKlass android/os/Bundle$1
instanceKlass android/util/SizeF
instanceKlass android/util/Size
instanceKlass com/android/internal/util/XmlUtils$WriteMapCallback
instanceKlass android/view/InputEvent
instanceKlass java/lang/reflect/TypeVariable
instanceKlass libcore/util/EmptyArray
instanceKlass android/util/MapCollections
instanceKlass android/os/Handler$Callback
instanceKlass java/lang/Deprecated
instanceKlass org/robolectric/shadows/ShadowHandler
instanceKlass android/os/IMessenger
instanceKlass android/app/ActivityThread$1
instanceKlass android/app/ActivityThread$Idler
instanceKlass android/app/ActivityThread$GcIdler
instanceKlass android/app/ActivityThread$EventLoggingReporter
instanceKlass android/app/ActivityThread$DropBoxReporter
instanceKlass android/os/UserHandle
instanceKlass android/os/TransactionTracker
instanceKlass android/os/ResultReceiver
instanceKlass android/os/IBinder$DeathRecipient
instanceKlass java/lang/invoke/LambdaForm$MH
instanceKlass java/lang/invoke/LambdaForm$MH
instanceKlass java/lang/invoke/LambdaForm$reinvoker
instanceKlass java/lang/invoke/LambdaForm$MH
instanceKlass java/lang/invoke/LambdaForm$MH
instanceKlass java/lang/invoke/LambdaForm$MH
instanceKlass java/lang/invoke/LambdaForm$DMH
instanceKlass java/lang/invoke/LambdaForm$MH
instanceKlass java/lang/invoke/LambdaForm$MH
instanceKlass java/lang/invoke/LambdaForm$BMH
instanceKlass java/lang/invoke/LambdaForm$BMH
instanceKlass java/lang/invoke/LambdaForm$MH
instanceKlass java/lang/invoke/LambdaForm$DMH
instanceKlass java/lang/invoke/LambdaForm$BMH
instanceKlass java/lang/invoke/LambdaForm$BMH
instanceKlass java/lang/invoke/LambdaForm$BMH
instanceKlass java/lang/invoke/LambdaForm$BMH
instanceKlass android/app/Instrumentation
instanceKlass android/os/Binder
instanceKlass android/app/ActivityThread$StopInfo
instanceKlass android/app/ActivityOptions
instanceKlass android/app/ActivityThread$RequestAssistContextExtras
instanceKlass android/graphics/Bitmap
instanceKlass android/app/ActivityThread$ProviderRefCount
instanceKlass android/app/ProfilerInfo
instanceKlass android/app/ActivityThread$DumpHeapData
instanceKlass android/app/Activity$NonConfigurationInstances
instanceKlass android/os/Debug$MemoryInfo
instanceKlass android/app/ActivityThread$ProviderClientRecord
instanceKlass android/app/IActivityManager$ContentProviderHolder
instanceKlass android/content/ContentProvider
instanceKlass android/content/IContentProvider
instanceKlass android/app/OnActivityPausedListener
instanceKlass com/android/internal/app/IVoiceInteractor
instanceKlass android/app/ActivityThread$ActivityConfigChangeData
instanceKlass android/app/ActivityThread$UpdateCompatibilityData
instanceKlass android/app/ActivityThread$CreateBackupAgentData
instanceKlass android/app/ActivityThread$CreateServiceData
instanceKlass android/app/ActivityThread$DumpComponentInfo
instanceKlass android/app/ActivityThread$ServiceArgsData
instanceKlass android/app/ActivityThread$BindServiceData
instanceKlass android/content/pm/IPackageManager
instanceKlass android/app/ActivityThread$NewIntentData
instanceKlass android/app/ActivityThread$AppBindData
instanceKlass android/app/ActivityThread$ResultData
instanceKlass android/app/LoadedApk
instanceKlass android/content/Intent
instanceKlass android/app/ActivityThread$ActivityClientRecord
instanceKlass org/robolectric/shadows/ShadowActivityThread
instanceKlass android/view/Window$WindowControllerCallback
instanceKlass android/view/Window$OnWindowDismissedCallback
instanceKlass android/view/View$OnCreateContextMenuListener
instanceKlass android/view/Window$Callback
instanceKlass android/view/LayoutInflater$Factory2
instanceKlass android/view/LayoutInflater$Factory
instanceKlass android/content/BroadcastReceiver$PendingResult
instanceKlass android/os/MessageQueue$IdleHandler
instanceKlass android/view/ViewManager
instanceKlass libcore/io/DropBox$Reporter
instanceKlass android/app/IApplicationThread
instanceKlass libcore/io/EventLogger$Reporter
instanceKlass java/lang/invoke/LambdaForm$BMH
instanceKlass org/robolectric/shadows/ShadowMessageQueue
instanceKlass java/lang/invoke/LambdaForm$DMH
instanceKlass java/lang/invoke/LambdaForm$MH
instanceKlass java/lang/invoke/LambdaForm$MH
instanceKlass java/lang/invoke/LambdaForm$reinvoker
instanceKlass java/lang/invoke/LambdaForm$MH
instanceKlass java/lang/invoke/LambdaForm$MH
instanceKlass java/lang/invoke/LambdaForm$MH
instanceKlass java/lang/invoke/LambdaForm$BMH
instanceKlass java/lang/invoke/LambdaForm$BMH
instanceKlass java/lang/invoke/LambdaForm$DMH
instanceKlass android/os/MessageQueue
instanceKlass android/os/Looper
instanceKlass android/app/ActivityThread
instanceKlass android/graphics/Rect
instanceKlass android/graphics/Point
instanceKlass org/robolectric/shadows/ShadowDisplay
instanceKlass android/view/DisplayInfo
instanceKlass android/hardware/display/DisplayManagerGlobal
instanceKlass org/robolectric/util/ReflectionHelpers$ClassParameter
instanceKlass java/lang/invoke/LambdaForm$BMH
instanceKlass org/robolectric/internal/ShadowExtractor
instanceKlass java/lang/invoke/LambdaForm$BMH
instanceKlass java/lang/invoke/LambdaForm$MH
instanceKlass java/lang/invoke/LambdaForm$MH
instanceKlass java/lang/invoke/LambdaForm$reinvoker
instanceKlass java/lang/invoke/LambdaForm$MH
instanceKlass java/lang/invoke/LambdaForm$MH
instanceKlass java/lang/invoke/LambdaForm$DMH
instanceKlass java/lang/invoke/LambdaForm$MH
instanceKlass java/lang/invoke/LambdaForm$DMH
instanceKlass java/lang/invoke/LambdaForm$MH
instanceKlass java/lang/invoke/LambdaForm$BMH
instanceKlass java/lang/invoke/LambdaForm$BMH
instanceKlass java/lang/invoke/LambdaForm$DMH
instanceKlass java/lang/invoke/LambdaForm$MH
instanceKlass java/lang/invoke/LambdaForm$MH
instanceKlass java/lang/invoke/LambdaForm$reinvoker
instanceKlass java/lang/invoke/LambdaForm$MH
instanceKlass java/lang/invoke/LambdaForm$MH
instanceKlass java/lang/invoke/LambdaForm$DMH
instanceKlass java/lang/invoke/LambdaForm$MH
instanceKlass java/lang/invoke/LambdaForm$MH
instanceKlass java/lang/invoke/LambdaForm$BMH
instanceKlass java/lang/invoke/LambdaForm$BMH
instanceKlass java/lang/invoke/LambdaForm$MH
instanceKlass java/lang/invoke/LambdaForm$MH
instanceKlass java/lang/invoke/LambdaForm$reinvoker
instanceKlass java/lang/invoke/LambdaForm$DMH
instanceKlass java/lang/invoke/LambdaForm$MH
instanceKlass java/lang/invoke/LambdaForm$MH
instanceKlass java/lang/invoke/LambdaForm$MH
instanceKlass java/lang/invoke/LambdaForm$DMH
instanceKlass java/lang/invoke/LambdaForm$MH
instanceKlass java/lang/invoke/LambdaForm$BMH
instanceKlass java/lang/invoke/LambdaForm$BMH
instanceKlass java/lang/invoke/LambdaForm$DMH
instanceKlass org/robolectric/annotation/HiddenApi
instanceKlass java/lang/invoke/LambdaForm$BMH
instanceKlass java/lang/invoke/LambdaForm$BMH
instanceKlass java/lang/invoke/LambdaForm$BMH
instanceKlass java/lang/invoke/LambdaForm$BMH
instanceKlass java/lang/invoke/LambdaForm$BMH
instanceKlass java/lang/invoke/LambdaForm$BMH
instanceKlass java/lang/invoke/LambdaForm$BMH
instanceKlass java/lang/invoke/LambdaForm$DMH
instanceKlass java/lang/invoke/LambdaForm$BMH
instanceKlass java/lang/invoke/LambdaForm$DMH
instanceKlass java/lang/invoke/LambdaForm$BMH
instanceKlass java/lang/invoke/LambdaForm$DMH
instanceKlass java/lang/invoke/LambdaForm$BMH
instanceKlass java/lang/invoke/LambdaForm$BMH
instanceKlass java/lang/invoke/LambdaForm$BMH
instanceKlass java/lang/invoke/LambdaForm$BMH
instanceKlass java/lang/invoke/LambdaForm$BMH
instanceKlass java/lang/invoke/LambdaForm$BMH
instanceKlass java/lang/invoke/LambdaForm$BMH
instanceKlass java/lang/invoke/LambdaForm$BMH
instanceKlass java/lang/invoke/LambdaForm$BMH
instanceKlass java/lang/invoke/LambdaForm$BMH
instanceKlass java/lang/invoke/LambdaForm$MH
instanceKlass java/lang/invoke/LambdaForm$DMH
instanceKlass java/lang/invoke/LambdaForm$BMH
instanceKlass java/lang/invoke/LambdaForm$BMH
instanceKlass java/lang/invoke/LambdaForm$BMH
instanceKlass java/lang/invoke/LambdaForm$BMH
instanceKlass java/lang/invoke/LambdaForm$DMH
instanceKlass java/lang/invoke/LambdaForm$MH
instanceKlass java/lang/invoke/LambdaForm$MH
instanceKlass java/lang/invoke/LambdaForm$MH
instanceKlass java/lang/invoke/LambdaForm$MH
instanceKlass java/lang/invoke/LambdaForm$reinvoker
instanceKlass java/lang/invoke/LambdaForm$DMH
instanceKlass java/lang/invoke/LambdaForm$MH
instanceKlass java/lang/invoke/LambdaForm$MH
instanceKlass java/lang/invoke/LambdaForm$MH
instanceKlass java/lang/invoke/LambdaForm$DMH
instanceKlass java/lang/invoke/LambdaForm$MH
instanceKlass java/lang/invoke/LambdaForm$MH
instanceKlass java/lang/invoke/LambdaForm$BMH
instanceKlass java/lang/invoke/LambdaForm$BMH
instanceKlass java/lang/invoke/LambdaForm$BMH
instanceKlass java/lang/invoke/LambdaForm$BMH
instanceKlass android/icu/impl/locale/BaseLocale$Key
instanceKlass java/lang/invoke/LambdaForm$MH
instanceKlass java/lang/invoke/LambdaForm$MH
instanceKlass java/lang/invoke/LambdaForm$reinvoker
instanceKlass java/lang/invoke/LambdaForm$MH
instanceKlass java/lang/invoke/LambdaForm$MH
instanceKlass java/lang/invoke/LambdaForm$MH
instanceKlass java/lang/invoke/LambdaForm$BMH
instanceKlass java/lang/invoke/LambdaForm$DMH
instanceKlass java/lang/invoke/LambdaForm$MH
instanceKlass java/lang/invoke/LambdaForm$MH
instanceKlass java/lang/invoke/LambdaForm$reinvoker
instanceKlass java/lang/invoke/LambdaForm$DMH
instanceKlass java/lang/invoke/LambdaForm$MH
instanceKlass java/lang/invoke/LambdaForm$MH
instanceKlass java/lang/invoke/LambdaForm$MH
instanceKlass java/lang/invoke/LambdaForm$DMH
instanceKlass java/lang/invoke/LambdaForm$MH
instanceKlass java/lang/invoke/LambdaForm$DMH
instanceKlass java/lang/invoke/LambdaForm$MH
instanceKlass java/lang/invoke/LambdaForm$BMH
instanceKlass java/lang/invoke/LambdaForm$BMH
instanceKlass java/lang/invoke/LambdaForm$MH
instanceKlass java/lang/invoke/LambdaForm$DMH
instanceKlass java/lang/invoke/LambdaForm$DMH
instanceKlass java/lang/invoke/LambdaForm$BMH
instanceKlass java/lang/invoke/LambdaForm$BMH
instanceKlass java/lang/invoke/LambdaForm$BMH
instanceKlass java/lang/invoke/LambdaForm$BMH
instanceKlass java/lang/invoke/LambdaForm$DMH
instanceKlass android/icu/impl/locale/LocaleObjectCache
instanceKlass android/icu/impl/locale/BaseLocale$1
instanceKlass sun/util/locale/LocaleExtensions
instanceKlass java/util/Locale$LocaleNameGetter
instanceKlass java/util/Locale$Builder
instanceKlass java/util/Locale$LanguageRange
instanceKlass android/icu/util/ULocale$Type
instanceKlass android/icu/util/ULocale$Builder
instanceKlass android/icu/util/ULocale$JDKLocaleHelper
instanceKlass java/lang/invoke/LambdaForm$MH
instanceKlass android/icu/impl/locale/AsciiUtil
instanceKlass java/lang/invoke/LambdaForm$MH
instanceKlass java/lang/invoke/LambdaForm$BMH
instanceKlass java/lang/invoke/LambdaForm$MH
instanceKlass java/lang/invoke/LambdaForm$MH
instanceKlass java/lang/invoke/LambdaForm$reinvoker
instanceKlass java/lang/invoke/LambdaForm$MH
instanceKlass java/lang/invoke/LambdaForm$MH
instanceKlass java/lang/invoke/LambdaForm$DMH
instanceKlass java/lang/invoke/LambdaForm$MH
instanceKlass java/lang/invoke/LambdaForm$MH
instanceKlass java/lang/invoke/LambdaForm$BMH
instanceKlass java/lang/invoke/LambdaForm$BMH
instanceKlass java/lang/invoke/LambdaForm$BMH
instanceKlass android/icu/impl/LocaleIDParser
instanceKlass java/lang/invoke/LambdaForm$DMH
instanceKlass android/icu/impl/SimpleCache
instanceKlass android/icu/util/ULocale$1
instanceKlass android/icu/impl/locale/LocaleExtensions
instanceKlass android/icu/impl/locale/BaseLocale
instanceKlass android/icu/impl/ICUCache
instanceKlass android/icu/util/ULocale
instanceKlass java/lang/invoke/LambdaForm$MH
instanceKlass java/lang/invoke/LambdaForm$MH
instanceKlass java/lang/invoke/LambdaForm$reinvoker
instanceKlass java/lang/invoke/LambdaForm$MH
instanceKlass java/lang/invoke/LambdaForm$MH
instanceKlass java/lang/invoke/LambdaForm$MH
instanceKlass java/lang/invoke/LambdaForm$BMH
instanceKlass java/lang/invoke/LambdaForm$MH
instanceKlass java/lang/invoke/LambdaForm$MH
instanceKlass java/lang/invoke/LambdaForm$reinvoker
instanceKlass java/lang/invoke/LambdaForm$MH
instanceKlass java/lang/invoke/LambdaForm$MH
instanceKlass java/lang/invoke/LambdaForm$MH
instanceKlass java/lang/invoke/LambdaForm$MH
instanceKlass java/lang/invoke/LambdaForm$MH
instanceKlass java/lang/invoke/LambdaForm$BMH
instanceKlass java/lang/invoke/LambdaForm$BMH
instanceKlass java/lang/invoke/LambdaForm$MH
instanceKlass java/lang/invoke/LambdaForm$MH
instanceKlass java/lang/invoke/LambdaForm$reinvoker
instanceKlass java/lang/invoke/LambdaForm$DMH
instanceKlass java/lang/invoke/LambdaForm$MH
instanceKlass java/lang/invoke/LambdaForm$MH
instanceKlass java/lang/invoke/LambdaForm$MH
instanceKlass java/lang/invoke/LambdaForm$DMH
instanceKlass java/lang/invoke/LambdaForm$MH
instanceKlass java/lang/invoke/LambdaForm$DMH
instanceKlass java/lang/invoke/LambdaForm$MH
instanceKlass java/lang/invoke/LambdaForm$MH
instanceKlass java/lang/invoke/LambdaForm$DMH
instanceKlass java/lang/invoke/LambdaForm$DMH
instanceKlass java/lang/invoke/LambdaForm$BMH
instanceKlass java/lang/invoke/LambdaForm$BMH
instanceKlass java/lang/invoke/LambdaForm$DMH
instanceKlass java/lang/invoke/LambdaForm$DMH
instanceKlass java/lang/invoke/LambdaForm$MH
instanceKlass java/lang/invoke/LambdaForm$MH
instanceKlass java/lang/invoke/LambdaForm$reinvoker
instanceKlass java/lang/invoke/LambdaForm$MH
instanceKlass java/lang/invoke/LambdaForm$MH
instanceKlass java/lang/invoke/LambdaForm$DMH
instanceKlass java/lang/invoke/LambdaForm$MH
instanceKlass java/lang/invoke/LambdaForm$MH
instanceKlass java/lang/invoke/LambdaForm$BMH
instanceKlass java/lang/invoke/LambdaForm$BMH
instanceKlass java/lang/invoke/LambdaForm$MH
instanceKlass java/lang/invoke/LambdaForm$MH
instanceKlass java/lang/invoke/LambdaForm$reinvoker
instanceKlass java/lang/invoke/LambdaForm$MH
instanceKlass java/lang/invoke/LambdaForm$MH
instanceKlass java/lang/invoke/LambdaForm$MH
instanceKlass java/lang/invoke/LambdaForm$DMH
instanceKlass java/lang/invoke/LambdaForm$MH
instanceKlass java/lang/invoke/LambdaForm$BMH
instanceKlass java/lang/invoke/LambdaForm$MH
instanceKlass java/lang/invoke/LambdaForm$MH
instanceKlass java/lang/invoke/LambdaForm$reinvoker
instanceKlass java/lang/invoke/LambdaForm$MH
instanceKlass java/lang/invoke/LambdaForm$MH
instanceKlass java/lang/invoke/LambdaForm$MH
instanceKlass java/lang/invoke/LambdaForm$DMH
instanceKlass java/lang/invoke/LambdaForm$MH
instanceKlass java/lang/invoke/LambdaForm$DMH
instanceKlass java/lang/invoke/LambdaForm$MH
instanceKlass java/lang/invoke/LambdaForm$BMH
instanceKlass java/lang/invoke/LambdaForm$MH
instanceKlass java/lang/invoke/LambdaForm$DMH
instanceKlass java/lang/invoke/LambdaForm$BMH
instanceKlass java/lang/invoke/LambdaForm$BMH
instanceKlass java/lang/invoke/LambdaForm$BMH
instanceKlass java/lang/invoke/LambdaForm$DMH
instanceKlass java/lang/invoke/LambdaForm$MH
instanceKlass java/lang/invoke/LambdaForm$MH
instanceKlass java/lang/invoke/LambdaForm$reinvoker
instanceKlass java/lang/invoke/LambdaForm$DMH
instanceKlass java/lang/invoke/LambdaForm$MH
instanceKlass java/lang/invoke/LambdaForm$MH
instanceKlass java/lang/invoke/LambdaForm$MH
instanceKlass java/lang/invoke/LambdaForm$DMH
instanceKlass java/lang/invoke/LambdaForm$MH
instanceKlass java/lang/invoke/LambdaForm$DMH
instanceKlass java/lang/invoke/LambdaForm$MH
instanceKlass java/lang/invoke/LambdaForm$BMH
instanceKlass java/lang/invoke/LambdaForm$MH
instanceKlass java/lang/invoke/LambdaForm$DMH
instanceKlass java/lang/invoke/LambdaForm$DMH
instanceKlass java/lang/invoke/LambdaForm$BMH
instanceKlass java/lang/invoke/LambdaForm$BMH
instanceKlass java/lang/invoke/LambdaForm$BMH
instanceKlass java/lang/invoke/LambdaForm$DMH
instanceKlass java/lang/invoke/LambdaForm$DMH
instanceKlass java/lang/invoke/LambdaForm$DMH
instanceKlass android/os/Trace$1
instanceKlass android/os/Trace
instanceKlass java/lang/invoke/LambdaForm$MH
instanceKlass java/lang/invoke/LambdaForm$MH
instanceKlass java/lang/invoke/LambdaForm$reinvoker
instanceKlass java/lang/invoke/LambdaForm$DMH
instanceKlass java/lang/invoke/LambdaForm$MH
instanceKlass java/lang/invoke/LambdaForm$MH
instanceKlass java/lang/invoke/LambdaForm$MH
instanceKlass java/lang/invoke/LambdaForm$DMH
instanceKlass java/lang/invoke/LambdaForm$MH
instanceKlass java/lang/invoke/LambdaForm$MH
instanceKlass java/lang/invoke/LambdaForm$BMH
instanceKlass java/lang/invoke/LambdaForm$BMH
instanceKlass android/content/res/CompatibilityInfo$2
instanceKlass java/lang/invoke/LambdaForm$MH
instanceKlass java/lang/invoke/LambdaForm$MH
instanceKlass java/lang/invoke/LambdaForm$reinvoker
instanceKlass java/lang/invoke/LambdaForm$DMH
instanceKlass java/lang/invoke/LambdaForm$MH
instanceKlass java/lang/invoke/LambdaForm$MH
instanceKlass java/lang/invoke/LambdaForm$MH
instanceKlass java/lang/invoke/LambdaForm$DMH
instanceKlass java/lang/invoke/LambdaForm$MH
instanceKlass java/lang/invoke/LambdaForm$DMH
instanceKlass java/lang/invoke/LambdaForm$MH
instanceKlass java/lang/invoke/LambdaForm$BMH
instanceKlass java/lang/invoke/LambdaForm$BMH
instanceKlass java/lang/invoke/LambdaForm$BMH
instanceKlass java/lang/invoke/LambdaForm$BMH
instanceKlass java/lang/invoke/LambdaForm$BMH
instanceKlass java/lang/invoke/LambdaForm$MH
instanceKlass java/lang/invoke/LambdaForm$DMH
instanceKlass java/lang/invoke/LambdaForm$DMH
instanceKlass java/lang/invoke/LambdaForm$BMH
instanceKlass java/lang/invoke/LambdaForm$BMH
instanceKlass java/lang/invoke/LambdaForm$BMH
instanceKlass java/lang/invoke/LambdaForm$BMH
instanceKlass java/lang/invoke/LambdaForm$DMH
instanceKlass java/lang/invoke/LambdaForm$BMH
instanceKlass java/lang/invoke/LambdaForm$BMH
instanceKlass java/lang/invoke/LambdaForm$DMH
instanceKlass java/lang/invoke/LambdaForm$BMH
instanceKlass java/lang/invoke/LambdaForm$DMH
instanceKlass android/content/res/CompatibilityInfo$Translator
instanceKlass java/lang/invoke/LambdaForm$MH
instanceKlass java/lang/invoke/LambdaForm$MH
instanceKlass java/lang/invoke/LambdaForm$reinvoker
instanceKlass java/lang/invoke/LambdaForm$MH
instanceKlass java/lang/invoke/LambdaForm$MH
instanceKlass java/lang/invoke/LambdaForm$MH
